{"/home/travis/build/npmtest/node-npmtest-electron-connect/test.js":{"path":"/home/travis/build/npmtest/node-npmtest-electron-connect/test.js","s":{"1":2,"2":2,"3":2,"4":2,"5":2,"6":2,"7":2,"8":1,"9":2,"10":2,"11":1,"12":1,"13":1,"14":1,"15":2,"16":2,"17":2,"18":2,"19":1,"20":1,"21":2,"22":2,"23":2,"24":1,"25":1,"26":1,"27":1,"28":1,"29":1,"30":1,"31":1,"32":1,"33":1,"34":1,"35":1,"36":1,"37":1,"38":1,"39":2,"40":2,"41":1,"42":2,"43":2,"44":1,"45":2,"46":2,"47":1,"48":2,"49":2,"50":1,"51":1,"52":1,"53":1,"54":1},"b":{"1":[2,1,1,1],"2":[1,1,1,1],"3":[1,1],"4":[1,1],"5":[1,1],"6":[1,1],"7":[1,1],"8":[1,1],"9":[1,1],"10":[1,1,1],"11":[1,1],"12":[1,1],"13":[1,1],"14":[1,1],"15":[1,1],"16":[1,1],"17":[1,1]},"f":{"1":2,"2":2,"3":2,"4":2,"5":2,"6":1,"7":1,"8":1,"9":2,"10":2,"11":2,"12":2,"13":1},"fnMap":{"1":{"name":"(anonymous_1)","line":12,"loc":{"start":{"line":12,"column":1},"end":{"line":12,"column":13}}},"2":{"name":"(anonymous_2)","line":19,"loc":{"start":{"line":19,"column":5},"end":{"line":19,"column":17}}},"3":{"name":"(anonymous_3)","line":23,"loc":{"start":{"line":23,"column":24},"end":{"line":23,"column":36}}},"4":{"name":"(anonymous_4)","line":61,"loc":{"start":{"line":61,"column":5},"end":{"line":61,"column":17}}},"5":{"name":"(anonymous_5)","line":82,"loc":{"start":{"line":82,"column":5},"end":{"line":82,"column":17}}},"6":{"name":"(anonymous_6)","line":91,"loc":{"start":{"line":91,"column":77},"end":{"line":94,"column":10}}},"7":{"name":"(anonymous_7)","line":112,"loc":{"start":{"line":112,"column":83},"end":{"line":115,"column":10}},"skip":true},"8":{"name":"(anonymous_8)","line":123,"loc":{"start":{"line":123,"column":77},"end":{"line":126,"column":10}},"skip":true},"9":{"name":"(anonymous_9)","line":139,"loc":{"start":{"line":139,"column":12},"end":{"line":139,"column":40}},"skip":true},"10":{"name":"(anonymous_10)","line":147,"loc":{"start":{"line":147,"column":77},"end":{"line":150,"column":10}},"skip":true},"11":{"name":"(anonymous_11)","line":158,"loc":{"start":{"line":158,"column":83},"end":{"line":161,"column":10}},"skip":true},"12":{"name":"(anonymous_12)","line":169,"loc":{"start":{"line":169,"column":79},"end":{"line":172,"column":10}},"skip":true},"13":{"name":"(anonymous_13)","line":180,"loc":{"start":{"line":180,"column":75},"end":{"line":183,"column":10}},"skip":true}},"statementMap":{"1":{"start":{"line":12,"column":0},"end":{"line":195,"column":5}},"2":{"start":{"line":14,"column":4},"end":{"line":14,"column":14}},"3":{"start":{"line":19,"column":4},"end":{"line":56,"column":9}},"4":{"start":{"line":21,"column":8},"end":{"line":21,"column":19}},"5":{"start":{"line":23,"column":8},"end":{"line":35,"column":13}},"6":{"start":{"line":24,"column":12},"end":{"line":34,"column":13}},"7":{"start":{"line":25,"column":16},"end":{"line":28,"column":30}},"8":{"start":{"line":30,"column":16},"end":{"line":33,"column":27}},"9":{"start":{"line":37,"column":8},"end":{"line":39,"column":21}},"10":{"start":{"line":40,"column":8},"end":{"line":53,"column":9}},"11":{"start":{"line":43,"column":12},"end":{"line":46,"column":14}},"12":{"start":{"line":47,"column":12},"end":{"line":47,"column":18}},"13":{"start":{"line":50,"column":12},"end":{"line":51,"column":46}},"14":{"start":{"line":52,"column":12},"end":{"line":52,"column":18}},"15":{"start":{"line":55,"column":8},"end":{"line":55,"column":35}},"16":{"start":{"line":61,"column":4},"end":{"line":63,"column":9}},"17":{"start":{"line":62,"column":8},"end":{"line":62,"column":15}},"18":{"start":{"line":64,"column":4},"end":{"line":77,"column":5}},"19":{"start":{"line":70,"column":8},"end":{"line":70,"column":14}},"20":{"start":{"line":76,"column":8},"end":{"line":76,"column":14}},"21":{"start":{"line":82,"column":4},"end":{"line":84,"column":9}},"22":{"start":{"line":83,"column":8},"end":{"line":83,"column":15}},"23":{"start":{"line":85,"column":4},"end":{"line":194,"column":5}},"24":{"start":{"line":91,"column":8},"end":{"line":99,"column":10}},"25":{"start":{"line":98,"column":12},"end":{"line":98,"column":35}},"26":{"start":{"line":102,"column":8},"end":{"line":104,"column":63}},"27":{"start":{"line":105,"column":8},"end":{"line":105,"column":14}},"28":{"start":{"line":112,"column":8},"end":{"line":121,"column":10},"skip":true},"29":{"start":{"line":119,"column":12},"end":{"line":119,"column":55},"skip":true},"30":{"start":{"line":120,"column":12},"end":{"line":120,"column":48},"skip":true},"31":{"start":{"line":123,"column":8},"end":{"line":136,"column":10},"skip":true},"32":{"start":{"line":130,"column":12},"end":{"line":130,"column":76},"skip":true},"33":{"start":{"line":131,"column":12},"end":{"line":131,"column":73},"skip":true},"34":{"start":{"line":132,"column":12},"end":{"line":132,"column":74},"skip":true},"35":{"start":{"line":133,"column":12},"end":{"line":133,"column":79},"skip":true},"36":{"start":{"line":134,"column":12},"end":{"line":134,"column":25},"skip":true},"37":{"start":{"line":135,"column":12},"end":{"line":135,"column":45},"skip":true},"38":{"start":{"line":138,"column":8},"end":{"line":145,"column":14},"skip":true},"39":{"start":{"line":143,"column":16},"end":{"line":143,"column":29},"skip":true},"40":{"start":{"line":144,"column":16},"end":{"line":144,"column":55},"skip":true},"41":{"start":{"line":147,"column":8},"end":{"line":156,"column":10},"skip":true},"42":{"start":{"line":154,"column":12},"end":{"line":154,"column":25},"skip":true},"43":{"start":{"line":155,"column":12},"end":{"line":155,"column":45},"skip":true},"44":{"start":{"line":158,"column":8},"end":{"line":167,"column":10},"skip":true},"45":{"start":{"line":165,"column":12},"end":{"line":165,"column":25},"skip":true},"46":{"start":{"line":166,"column":12},"end":{"line":166,"column":48},"skip":true},"47":{"start":{"line":169,"column":8},"end":{"line":178,"column":10},"skip":true},"48":{"start":{"line":176,"column":12},"end":{"line":176,"column":25},"skip":true},"49":{"start":{"line":177,"column":12},"end":{"line":177,"column":46},"skip":true},"50":{"start":{"line":180,"column":8},"end":{"line":189,"column":10},"skip":true},"51":{"start":{"line":187,"column":12},"end":{"line":187,"column":94},"skip":true},"52":{"start":{"line":188,"column":12},"end":{"line":188,"column":48},"skip":true},"53":{"start":{"line":192,"column":8},"end":{"line":192,"column":35},"skip":true},"54":{"start":{"line":193,"column":8},"end":{"line":193,"column":14},"skip":true}},"branchMap":{"1":{"line":25,"type":"binary-expr","locations":[{"start":{"line":25,"column":23},"end":{"line":25,"column":62}},{"start":{"line":26,"column":20},"end":{"line":26,"column":70}},{"start":{"line":27,"column":20},"end":{"line":27,"column":71}},{"start":{"line":28,"column":20},"end":{"line":28,"column":29}}]},"2":{"line":30,"type":"binary-expr","locations":[{"start":{"line":30,"column":23},"end":{"line":30,"column":37}},{"start":{"line":31,"column":20},"end":{"line":31,"column":61}},{"start":{"line":32,"column":20},"end":{"line":32,"column":70}},{"start":{"line":33,"column":20},"end":{"line":33,"column":26}}]},"3":{"line":37,"type":"cond-expr","locations":[{"start":{"line":38,"column":14},"end":{"line":38,"column":20}},{"start":{"line":39,"column":14},"end":{"line":39,"column":20}}]},"4":{"line":40,"type":"switch","locations":[{"start":{"line":42,"column":8},"end":{"line":47,"column":18}},{"start":{"line":49,"column":8},"end":{"line":52,"column":18}}]},"5":{"line":44,"type":"binary-expr","locations":[{"start":{"line":44,"column":16},"end":{"line":44,"column":44}},{"start":{"line":44,"column":48},"end":{"line":44,"column":66}}]},"6":{"line":50,"type":"binary-expr","locations":[{"start":{"line":50,"column":21},"end":{"line":50,"column":49}},{"start":{"line":50,"column":53},"end":{"line":50,"column":72}}]},"7":{"line":64,"type":"switch","locations":[{"start":{"line":69,"column":4},"end":{"line":70,"column":14}},{"start":{"line":75,"column":4},"end":{"line":76,"column":14}}]},"8":{"line":85,"type":"switch","locations":[{"start":{"line":90,"column":4},"end":{"line":105,"column":14}},{"start":{"line":111,"column":4},"end":{"line":193,"column":14},"skip":true}]},"9":{"line":91,"type":"binary-expr","locations":[{"start":{"line":91,"column":42},"end":{"line":91,"column":73}},{"start":{"line":91,"column":77},"end":{"line":99,"column":9}}]},"10":{"line":102,"type":"binary-expr","locations":[{"start":{"line":102,"column":18},"end":{"line":102,"column":32}},{"start":{"line":103,"column":12},"end":{"line":103,"column":53}},{"start":{"line":104,"column":12},"end":{"line":104,"column":61}}]},"11":{"line":112,"type":"binary-expr","locations":[{"start":{"line":112,"column":45},"end":{"line":112,"column":79},"skip":true},{"start":{"line":112,"column":83},"end":{"line":121,"column":9},"skip":true}]},"12":{"line":123,"type":"binary-expr","locations":[{"start":{"line":123,"column":42},"end":{"line":123,"column":73},"skip":true},{"start":{"line":123,"column":77},"end":{"line":136,"column":9},"skip":true}]},"13":{"line":138,"type":"binary-expr","locations":[{"start":{"line":138,"column":48},"end":{"line":138,"column":85},"skip":true},{"start":{"line":139,"column":12},"end":{"line":145,"column":13},"skip":true}]},"14":{"line":147,"type":"binary-expr","locations":[{"start":{"line":147,"column":42},"end":{"line":147,"column":73},"skip":true},{"start":{"line":147,"column":77},"end":{"line":156,"column":9},"skip":true}]},"15":{"line":158,"type":"binary-expr","locations":[{"start":{"line":158,"column":45},"end":{"line":158,"column":79},"skip":true},{"start":{"line":158,"column":83},"end":{"line":167,"column":9},"skip":true}]},"16":{"line":169,"type":"binary-expr","locations":[{"start":{"line":169,"column":43},"end":{"line":169,"column":75},"skip":true},{"start":{"line":169,"column":79},"end":{"line":178,"column":9},"skip":true}]},"17":{"line":180,"type":"binary-expr","locations":[{"start":{"line":180,"column":41},"end":{"line":180,"column":71},"skip":true},{"start":{"line":180,"column":75},"end":{"line":189,"column":9},"skip":true}]}},"code":["/* istanbul instrument in package npmtest_electron_connect */","/*jslint","    bitwise: true,","    browser: true,","    maxerr: 8,","    maxlen: 96,","    node: true,","    nomen: true,","    regexp: true,","    stupid: true","*/","(function () {","    'use strict';","    var local;","","","","    // run shared js-env code - pre-init","    (function () {","        // init local","        local = {};","        // init modeJs","        local.modeJs = (function () {","            try {","                return typeof navigator.userAgent === 'string' &&","                    typeof document.querySelector('body') === 'object' &&","                    typeof XMLHttpRequest.prototype.open === 'function' &&","                    'browser';","            } catch (errorCaughtBrowser) {","                return module.exports &&","                    typeof process.versions.node === 'string' &&","                    typeof require('http').createServer === 'function' &&","                    'node';","            }","        }());","        // init global","        local.global = local.modeJs === 'browser'","            ? window","            : global;","        switch (local.modeJs) {","        // re-init local from window.local","        case 'browser':","            local = local.global.utility2.objectSetDefault(","                local.global.utility2_rollup || local.global.local,","                local.global.utility2","            );","            break;","        // re-init local from example.js","        case 'node':","            local = (local.global.utility2_rollup || require('utility2'))","                .requireExampleJsFromReadme();","            break;","        }","        // export local","        local.global.local = local;","    }());","","","","    // run shared js-env code - function","    (function () {","        return;","    }());","    switch (local.modeJs) {","","","","    // run browser js-env code - function","    case 'browser':","        break;","","","","    // run node js-env code - function","    case 'node':","        break;","    }","","","","    // run shared js-env code - post-init","    (function () {","        return;","    }());","    switch (local.modeJs) {","","","","    // run browser js-env code - post-init","    case 'browser':","        local.testCase_browser_nullCase = local.testCase_browser_nullCase || function (","            options,","            onError","        ) {","        /*","         * this function will test browsers's null-case handling-behavior-behavior","         */","            onError(null, options);","        };","","        // run tests","        local.nop(local.modeTest &&","            document.querySelector('#testRunButton1') &&","            document.querySelector('#testRunButton1').click());","        break;","","","","    // run node js-env code - post-init","    /* istanbul ignore next */","    case 'node':","        local.testCase_buildApidoc_default = local.testCase_buildApidoc_default || function (","            options,","            onError","        ) {","        /*","         * this function will test buildApidoc's default handling-behavior-behavior","         */","            options = { modulePathList: module.paths };","            local.buildApidoc(options, onError);","        };","","        local.testCase_buildApp_default = local.testCase_buildApp_default || function (","            options,","            onError","        ) {","        /*","         * this function will test buildApp's default handling-behavior-behavior","         */","            local.testCase_buildReadme_default(options, local.onErrorThrow);","            local.testCase_buildLib_default(options, local.onErrorThrow);","            local.testCase_buildTest_default(options, local.onErrorThrow);","            local.testCase_buildCustomOrg_default(options, local.onErrorThrow);","            options = [];","            local.buildApp(options, onError);","        };","","        local.testCase_buildCustomOrg_default = local.testCase_buildCustomOrg_default ||","            function (options, onError) {","            /*","             * this function will test buildCustomOrg's default handling-behavior","             */","                options = {};","                local.buildCustomOrg(options, onError);","            };","","        local.testCase_buildLib_default = local.testCase_buildLib_default || function (","            options,","            onError","        ) {","        /*","         * this function will test buildLib's default handling-behavior","         */","            options = {};","            local.buildLib(options, onError);","        };","","        local.testCase_buildReadme_default = local.testCase_buildReadme_default || function (","            options,","            onError","        ) {","        /*","         * this function will test buildReadme's default handling-behavior-behavior","         */","            options = {};","            local.buildReadme(options, onError);","        };","","        local.testCase_buildTest_default = local.testCase_buildTest_default || function (","            options,","            onError","        ) {","        /*","         * this function will test buildTest's default handling-behavior","         */","            options = {};","            local.buildTest(options, onError);","        };","","        local.testCase_webpage_default = local.testCase_webpage_default || function (","            options,","            onError","        ) {","        /*","         * this function will test webpage's default handling-behavior","         */","            options = { modeCoverageMerge: true, url: local.serverLocalHost + '?modeTest=1' };","            local.browserTest(options, onError);","        };","","        // run test-server","        local.testRunServer(local);","        break;","    }","}());",""],"l":{"12":2,"14":2,"19":2,"21":2,"23":2,"24":2,"25":2,"30":1,"37":2,"40":2,"43":1,"47":1,"50":1,"52":1,"55":2,"61":2,"62":2,"64":2,"70":1,"76":1,"82":2,"83":2,"85":2,"91":1,"98":1,"102":1,"105":1,"112":1,"119":1,"120":1,"123":1,"130":1,"131":1,"132":1,"133":1,"134":1,"135":1,"138":1,"143":2,"144":2,"147":1,"154":2,"155":2,"158":1,"165":2,"166":2,"169":1,"176":2,"177":2,"180":1,"187":1,"188":1,"192":1,"193":1}},"/home/travis/build/npmtest/node-npmtest-electron-connect/lib.npmtest_electron_connect.js":{"path":"/home/travis/build/npmtest/node-npmtest-electron-connect/lib.npmtest_electron_connect.js","s":{"1":2,"2":2,"3":2,"4":2,"5":2,"6":2,"7":2,"8":1,"9":2,"10":2,"11":2,"12":2,"13":1,"14":1,"15":1,"16":1},"b":{"1":[2,1,1,1],"2":[1,1,1,1],"3":[1,1],"4":[2,2],"5":[1,1]},"f":{"1":2,"2":2,"3":2},"fnMap":{"1":{"name":"(anonymous_1)","line":12,"loc":{"start":{"line":12,"column":1},"end":{"line":12,"column":13}}},"2":{"name":"(anonymous_2)","line":19,"loc":{"start":{"line":19,"column":5},"end":{"line":19,"column":17}}},"3":{"name":"(anonymous_3)","line":23,"loc":{"start":{"line":23,"column":24},"end":{"line":23,"column":36}}}},"statementMap":{"1":{"start":{"line":12,"column":0},"end":{"line":53,"column":5}},"2":{"start":{"line":14,"column":4},"end":{"line":14,"column":14}},"3":{"start":{"line":19,"column":4},"end":{"line":52,"column":9}},"4":{"start":{"line":21,"column":8},"end":{"line":21,"column":19}},"5":{"start":{"line":23,"column":8},"end":{"line":35,"column":13}},"6":{"start":{"line":24,"column":12},"end":{"line":34,"column":13}},"7":{"start":{"line":25,"column":16},"end":{"line":28,"column":30}},"8":{"start":{"line":30,"column":16},"end":{"line":33,"column":27}},"9":{"start":{"line":37,"column":8},"end":{"line":39,"column":21}},"10":{"start":{"line":41,"column":8},"end":{"line":41,"column":54}},"11":{"start":{"line":43,"column":8},"end":{"line":43,"column":61}},"12":{"start":{"line":45,"column":8},"end":{"line":51,"column":9}},"13":{"start":{"line":46,"column":12},"end":{"line":46,"column":67}},"14":{"start":{"line":48,"column":12},"end":{"line":48,"column":35}},"15":{"start":{"line":49,"column":12},"end":{"line":49,"column":49}},"16":{"start":{"line":50,"column":12},"end":{"line":50,"column":43}}},"branchMap":{"1":{"line":25,"type":"binary-expr","locations":[{"start":{"line":25,"column":23},"end":{"line":25,"column":62}},{"start":{"line":26,"column":20},"end":{"line":26,"column":70}},{"start":{"line":27,"column":20},"end":{"line":27,"column":71}},{"start":{"line":28,"column":20},"end":{"line":28,"column":29}}]},"2":{"line":30,"type":"binary-expr","locations":[{"start":{"line":30,"column":23},"end":{"line":30,"column":37}},{"start":{"line":31,"column":20},"end":{"line":31,"column":61}},{"start":{"line":32,"column":20},"end":{"line":32,"column":70}},{"start":{"line":33,"column":20},"end":{"line":33,"column":26}}]},"3":{"line":37,"type":"cond-expr","locations":[{"start":{"line":38,"column":14},"end":{"line":38,"column":20}},{"start":{"line":39,"column":14},"end":{"line":39,"column":20}}]},"4":{"line":41,"type":"binary-expr","locations":[{"start":{"line":41,"column":16},"end":{"line":41,"column":44}},{"start":{"line":41,"column":48},"end":{"line":41,"column":53}}]},"5":{"line":45,"type":"if","locations":[{"start":{"line":45,"column":8},"end":{"line":45,"column":8}},{"start":{"line":45,"column":8},"end":{"line":45,"column":8}}]}},"code":["/* istanbul instrument in package npmtest_electron_connect */","/*jslint","    bitwise: true,","    browser: true,","    maxerr: 8,","    maxlen: 96,","    node: true,","    nomen: true,","    regexp: true,","    stupid: true","*/","(function () {","    'use strict';","    var local;","","","","    // run shared js-env code - pre-init","    (function () {","        // init local","        local = {};","        // init modeJs","        local.modeJs = (function () {","            try {","                return typeof navigator.userAgent === 'string' &&","                    typeof document.querySelector('body') === 'object' &&","                    typeof XMLHttpRequest.prototype.open === 'function' &&","                    'browser';","            } catch (errorCaughtBrowser) {","                return module.exports &&","                    typeof process.versions.node === 'string' &&","                    typeof require('http').createServer === 'function' &&","                    'node';","            }","        }());","        // init global","        local.global = local.modeJs === 'browser'","            ? window","            : global;","        // init utility2_rollup","        local = local.global.utility2_rollup || local;","        // init lib","        local.local = local.npmtest_electron_connect = local;","        // init exports","        if (local.modeJs === 'browser') {","            local.global.utility2_npmtest_electron_connect = local;","        } else {","            module.exports = local;","            module.exports.__dirname = __dirname;","            module.exports.module = module;","        }","    }());","}());",""],"l":{"12":2,"14":2,"19":2,"21":2,"23":2,"24":2,"25":2,"30":1,"37":2,"41":2,"43":2,"45":2,"46":1,"48":1,"49":1,"50":1}},"/home/travis/build/npmtest/node-npmtest-electron-connect/example.js":{"path":"/home/travis/build/npmtest/node-npmtest-electron-connect/example.js","s":{"1":2,"2":2,"3":2,"4":2,"5":2,"6":2,"7":2,"8":1,"9":2,"10":2,"11":2,"12":2,"13":1,"14":2,"15":2,"16":2,"17":2,"18":2,"19":0,"20":2,"21":1,"22":1,"23":1,"24":1,"25":1,"26":0,"27":0,"28":1,"29":1,"30":2,"31":0,"32":0,"33":0,"34":1,"35":2,"36":2,"37":3,"38":3,"39":3,"40":3,"41":0,"42":3,"43":3,"44":3,"45":1,"46":3,"47":1,"48":1,"49":1,"50":1,"51":1,"52":1,"53":1,"54":1,"55":1,"56":1,"57":0,"58":1,"59":6,"60":6,"61":1,"62":2,"63":0,"64":2,"65":1,"66":1,"67":0,"68":0,"69":0,"70":0,"71":0,"72":0,"73":0,"74":0,"75":0,"76":0,"77":0,"78":0,"79":0,"80":0,"81":0,"82":0,"83":0},"b":{"1":[2,1,1,1],"2":[1,1,1,1],"3":[1,1],"4":[2,2],"5":[1,1],"6":[1,1],"7":[2,0],"8":[2,1,1,1,1,1],"9":[0,2,0],"10":[1,1],"11":[2,1,1],"12":[1,0],"13":[0,2],"14":[2,0,0,0,0,0,0],"15":[0,3],"16":[3,0],"17":[1,1],"18":[0,1],"19":[1,2,0,2],"20":[1,0],"21":[1,1],"22":[0,0],"23":[0,0],"24":[0,0],"25":[0,0],"26":[0,0],"27":[0,0],"28":[0,0]},"f":{"1":2,"2":2,"3":2,"4":2,"5":2,"6":2,"7":3,"8":3,"9":3,"10":1,"11":6,"12":0},"fnMap":{"1":{"name":"(anonymous_1)","line":26,"loc":{"start":{"line":26,"column":1},"end":{"line":26,"column":13}}},"2":{"name":"(anonymous_2)","line":33,"loc":{"start":{"line":33,"column":5},"end":{"line":33,"column":17}}},"3":{"name":"(anonymous_3)","line":37,"loc":{"start":{"line":37,"column":24},"end":{"line":37,"column":36}}},"4":{"name":"(anonymous_4)","line":69,"loc":{"start":{"line":69,"column":31},"end":{"line":69,"column":48}},"skip":true},"5":{"name":"(anonymous_5)","line":78,"loc":{"start":{"line":78,"column":26},"end":{"line":78,"column":45}},"skip":true},"6":{"name":"(anonymous_6)","line":123,"loc":{"start":{"line":123,"column":33},"end":{"line":123,"column":48}},"skip":true},"7":{"name":"(anonymous_7)","line":125,"loc":{"start":{"line":125,"column":27},"end":{"line":125,"column":39}},"skip":true},"8":{"name":"(anonymous_8)","line":133,"loc":{"start":{"line":133,"column":59},"end":{"line":133,"column":74}},"skip":true},"9":{"name":"(anonymous_9)","line":143,"loc":{"start":{"line":143,"column":45},"end":{"line":143,"column":62}},"skip":true},"10":{"name":"(anonymous_10)","line":144,"loc":{"start":{"line":144,"column":73},"end":{"line":144,"column":92}},"skip":true},"11":{"name":"(anonymous_11)","line":272,"loc":{"start":{"line":272,"column":51},"end":{"line":272,"column":77}},"skip":true},"12":{"name":"(anonymous_12)","line":315,"loc":{"start":{"line":315,"column":32},"end":{"line":315,"column":61}},"skip":true}},"statementMap":{"1":{"start":{"line":26,"column":0},"end":{"line":326,"column":5}},"2":{"start":{"line":28,"column":4},"end":{"line":28,"column":14}},"3":{"start":{"line":33,"column":4},"end":{"line":60,"column":9}},"4":{"start":{"line":35,"column":8},"end":{"line":35,"column":19}},"5":{"start":{"line":37,"column":8},"end":{"line":49,"column":13}},"6":{"start":{"line":38,"column":12},"end":{"line":48,"column":13}},"7":{"start":{"line":39,"column":16},"end":{"line":42,"column":30}},"8":{"start":{"line":44,"column":16},"end":{"line":47,"column":27}},"9":{"start":{"line":51,"column":8},"end":{"line":53,"column":21}},"10":{"start":{"line":55,"column":8},"end":{"line":57,"column":45}},"11":{"start":{"line":59,"column":8},"end":{"line":59,"column":35}},"12":{"start":{"line":61,"column":4},"end":{"line":325,"column":5}},"13":{"start":{"line":69,"column":8},"end":{"line":121,"column":10},"skip":true},"14":{"start":{"line":70,"column":12},"end":{"line":88,"column":13},"skip":true},"15":{"start":{"line":76,"column":16},"end":{"line":87,"column":19},"skip":true},"16":{"start":{"line":79,"column":20},"end":{"line":86,"column":21},"skip":true},"17":{"start":{"line":82,"column":24},"end":{"line":82,"column":43},"skip":true},"18":{"start":{"line":83,"column":24},"end":{"line":83,"column":30},"skip":true},"19":{"start":{"line":85,"column":24},"end":{"line":85,"column":49},"skip":true},"20":{"start":{"line":89,"column":12},"end":{"line":107,"column":13},"skip":true},"21":{"start":{"line":92,"column":16},"end":{"line":102,"column":17},"skip":true},"22":{"start":{"line":93,"column":20},"end":{"line":93,"column":86},"skip":true},"23":{"start":{"line":94,"column":20},"end":{"line":95,"column":45},"skip":true},"24":{"start":{"line":96,"column":20},"end":{"line":96,"column":42},"skip":true},"25":{"start":{"line":97,"column":20},"end":{"line":97,"column":48},"skip":true},"26":{"start":{"line":100,"column":20},"end":{"line":100,"column":85},"skip":true},"27":{"start":{"line":101,"column":20},"end":{"line":101,"column":96},"skip":true},"28":{"start":{"line":103,"column":16},"end":{"line":103,"column":22},"skip":true},"29":{"start":{"line":106,"column":16},"end":{"line":106,"column":22},"skip":true},"30":{"start":{"line":108,"column":12},"end":{"line":120,"column":13},"skip":true},"31":{"start":{"line":114,"column":16},"end":{"line":119,"column":17},"skip":true},"32":{"start":{"line":116,"column":20},"end":{"line":116,"column":78},"skip":true},"33":{"start":{"line":118,"column":20},"end":{"line":118,"column":47},"skip":true},"34":{"start":{"line":123,"column":8},"end":{"line":141,"column":11},"skip":true},"35":{"start":{"line":124,"column":12},"end":{"line":124,"column":54},"skip":true},"36":{"start":{"line":125,"column":12},"end":{"line":140,"column":14},"skip":true},"37":{"start":{"line":126,"column":16},"end":{"line":126,"column":28},"skip":true},"38":{"start":{"line":127,"column":16},"end":{"line":127,"column":69},"skip":true},"39":{"start":{"line":128,"column":16},"end":{"line":128,"column":75},"skip":true},"40":{"start":{"line":129,"column":16},"end":{"line":131,"column":17},"skip":true},"41":{"start":{"line":130,"column":20},"end":{"line":130,"column":27},"skip":true},"42":{"start":{"line":133,"column":16},"end":{"line":137,"column":36},"skip":true},"43":{"start":{"line":134,"column":20},"end":{"line":136,"column":55},"skip":true},"44":{"start":{"line":139,"column":16},"end":{"line":139,"column":57},"skip":true},"45":{"start":{"line":143,"column":8},"end":{"line":147,"column":11},"skip":true},"46":{"start":{"line":144,"column":12},"end":{"line":146,"column":15},"skip":true},"47":{"start":{"line":145,"column":16},"end":{"line":145,"column":70},"skip":true},"48":{"start":{"line":149,"column":8},"end":{"line":149,"column":31},"skip":true},"49":{"start":{"line":150,"column":8},"end":{"line":150,"column":14},"skip":true},"50":{"start":{"line":158,"column":8},"end":{"line":158,"column":31},"skip":true},"51":{"start":{"line":160,"column":8},"end":{"line":160,"column":33},"skip":true},"52":{"start":{"line":161,"column":8},"end":{"line":161,"column":37},"skip":true},"53":{"start":{"line":162,"column":8},"end":{"line":162,"column":35},"skip":true},"54":{"start":{"line":164,"column":8},"end":{"line":164,"column":50},"skip":true},"55":{"start":{"line":166,"column":8},"end":{"line":256,"column":2},"skip":true},"56":{"start":{"line":258,"column":8},"end":{"line":286,"column":9},"skip":true},"57":{"start":{"line":259,"column":12},"end":{"line":269,"column":14},"skip":true},"58":{"start":{"line":271,"column":12},"end":{"line":285,"column":19},"skip":true},"59":{"start":{"line":274,"column":20},"end":{"line":274,"column":35},"skip":true},"60":{"start":{"line":275,"column":20},"end":{"line":284,"column":21},"skip":true},"61":{"start":{"line":277,"column":24},"end":{"line":277,"column":64},"skip":true},"62":{"start":{"line":279,"column":24},"end":{"line":279,"column":40},"skip":true},"63":{"start":{"line":281,"column":24},"end":{"line":281,"column":40},"skip":true},"64":{"start":{"line":283,"column":24},"end":{"line":283,"column":39},"skip":true},"65":{"start":{"line":288,"column":8},"end":{"line":290,"column":9},"skip":true},"66":{"start":{"line":289,"column":12},"end":{"line":289,"column":18},"skip":true},"67":{"start":{"line":291,"column":8},"end":{"line":293,"column":54},"skip":true},"68":{"start":{"line":296,"column":8},"end":{"line":301,"column":37},"skip":true},"69":{"start":{"line":303,"column":8},"end":{"line":303,"column":82},"skip":true},"70":{"start":{"line":306,"column":8},"end":{"line":308,"column":9},"skip":true},"71":{"start":{"line":307,"column":12},"end":{"line":307,"column":82},"skip":true},"72":{"start":{"line":310,"column":8},"end":{"line":312,"column":9},"skip":true},"73":{"start":{"line":311,"column":12},"end":{"line":311,"column":18},"skip":true},"74":{"start":{"line":313,"column":8},"end":{"line":313,"column":54},"skip":true},"75":{"start":{"line":314,"column":8},"end":{"line":314,"column":69},"skip":true},"76":{"start":{"line":315,"column":8},"end":{"line":323,"column":36},"skip":true},"77":{"start":{"line":316,"column":12},"end":{"line":316,"column":61},"skip":true},"78":{"start":{"line":317,"column":12},"end":{"line":320,"column":13},"skip":true},"79":{"start":{"line":318,"column":16},"end":{"line":318,"column":75},"skip":true},"80":{"start":{"line":319,"column":16},"end":{"line":319,"column":23},"skip":true},"81":{"start":{"line":321,"column":12},"end":{"line":321,"column":38},"skip":true},"82":{"start":{"line":322,"column":12},"end":{"line":322,"column":27},"skip":true},"83":{"start":{"line":324,"column":8},"end":{"line":324,"column":14},"skip":true}},"branchMap":{"1":{"line":39,"type":"binary-expr","locations":[{"start":{"line":39,"column":23},"end":{"line":39,"column":62}},{"start":{"line":40,"column":20},"end":{"line":40,"column":70}},{"start":{"line":41,"column":20},"end":{"line":41,"column":71}},{"start":{"line":42,"column":20},"end":{"line":42,"column":29}}]},"2":{"line":44,"type":"binary-expr","locations":[{"start":{"line":44,"column":23},"end":{"line":44,"column":37}},{"start":{"line":45,"column":20},"end":{"line":45,"column":61}},{"start":{"line":46,"column":20},"end":{"line":46,"column":70}},{"start":{"line":47,"column":20},"end":{"line":47,"column":26}}]},"3":{"line":51,"type":"cond-expr","locations":[{"start":{"line":52,"column":14},"end":{"line":52,"column":20}},{"start":{"line":53,"column":14},"end":{"line":53,"column":20}}]},"4":{"line":55,"type":"binary-expr","locations":[{"start":{"line":55,"column":16},"end":{"line":55,"column":44}},{"start":{"line":55,"column":49},"end":{"line":57,"column":43}}]},"5":{"line":55,"type":"cond-expr","locations":[{"start":{"line":56,"column":14},"end":{"line":56,"column":60}},{"start":{"line":57,"column":14},"end":{"line":57,"column":43}}]},"6":{"line":61,"type":"switch","locations":[{"start":{"line":68,"column":4},"end":{"line":150,"column":14},"skip":true},{"start":{"line":156,"column":4},"end":{"line":324,"column":14},"skip":true}]},"7":{"line":70,"type":"if","locations":[{"start":{"line":70,"column":12},"end":{"line":70,"column":12},"skip":true},{"start":{"line":70,"column":12},"end":{"line":70,"column":12},"skip":true}]},"8":{"line":70,"type":"binary-expr","locations":[{"start":{"line":70,"column":16},"end":{"line":70,"column":22},"skip":true},{"start":{"line":70,"column":27},"end":{"line":70,"column":32},"skip":true},{"start":{"line":71,"column":20},"end":{"line":71,"column":39},"skip":true},{"start":{"line":72,"column":20},"end":{"line":72,"column":49},"skip":true},{"start":{"line":73,"column":20},"end":{"line":73,"column":58},"skip":true},{"start":{"line":74,"column":20},"end":{"line":74,"column":69},"skip":true}]},"9":{"line":79,"type":"switch","locations":[{"start":{"line":80,"column":20},"end":{"line":80,"column":33},"skip":true},{"start":{"line":81,"column":20},"end":{"line":83,"column":30},"skip":true},{"start":{"line":84,"column":20},"end":{"line":85,"column":49},"skip":true}]},"10":{"line":89,"type":"switch","locations":[{"start":{"line":90,"column":12},"end":{"line":103,"column":22},"skip":true},{"start":{"line":105,"column":12},"end":{"line":106,"column":22},"skip":true}]},"11":{"line":89,"type":"binary-expr","locations":[{"start":{"line":89,"column":20},"end":{"line":89,"column":25},"skip":true},{"start":{"line":89,"column":29},"end":{"line":89,"column":48},"skip":true},{"start":{"line":89,"column":52},"end":{"line":89,"column":74},"skip":true}]},"12":{"line":92,"type":"if","locations":[{"start":{"line":92,"column":16},"end":{"line":92,"column":16},"skip":true},{"start":{"line":92,"column":16},"end":{"line":92,"column":16},"skip":true}]},"13":{"line":108,"type":"if","locations":[{"start":{"line":108,"column":12},"end":{"line":108,"column":12},"skip":true},{"start":{"line":108,"column":12},"end":{"line":108,"column":12},"skip":true}]},"14":{"line":108,"type":"binary-expr","locations":[{"start":{"line":108,"column":16},"end":{"line":108,"column":61},"skip":true},{"start":{"line":108,"column":66},"end":{"line":108,"column":72},"skip":true},{"start":{"line":108,"column":77},"end":{"line":108,"column":82},"skip":true},{"start":{"line":109,"column":20},"end":{"line":109,"column":39},"skip":true},{"start":{"line":110,"column":20},"end":{"line":110,"column":49},"skip":true},{"start":{"line":111,"column":20},"end":{"line":111,"column":58},"skip":true},{"start":{"line":112,"column":20},"end":{"line":112,"column":68},"skip":true}]},"15":{"line":129,"type":"if","locations":[{"start":{"line":129,"column":16},"end":{"line":129,"column":16},"skip":true},{"start":{"line":129,"column":16},"end":{"line":129,"column":16},"skip":true}]},"16":{"line":134,"type":"cond-expr","locations":[{"start":{"line":135,"column":26},"end":{"line":135,"column":29},"skip":true},{"start":{"line":136,"column":26},"end":{"line":136,"column":54},"skip":true}]},"17":{"line":164,"type":"binary-expr","locations":[{"start":{"line":164,"column":27},"end":{"line":164,"column":43},"skip":true},{"start":{"line":164,"column":47},"end":{"line":164,"column":49},"skip":true}]},"18":{"line":258,"type":"if","locations":[{"start":{"line":258,"column":8},"end":{"line":258,"column":8},"skip":true},{"start":{"line":258,"column":8},"end":{"line":258,"column":8},"skip":true}]},"19":{"line":275,"type":"switch","locations":[{"start":{"line":276,"column":20},"end":{"line":277,"column":64},"skip":true},{"start":{"line":278,"column":20},"end":{"line":279,"column":40},"skip":true},{"start":{"line":280,"column":20},"end":{"line":281,"column":40},"skip":true},{"start":{"line":282,"column":20},"end":{"line":283,"column":39},"skip":true}]},"20":{"line":288,"type":"if","locations":[{"start":{"line":288,"column":8},"end":{"line":288,"column":8},"skip":true},{"start":{"line":288,"column":8},"end":{"line":288,"column":8},"skip":true}]},"21":{"line":288,"type":"binary-expr","locations":[{"start":{"line":288,"column":12},"end":{"line":288,"column":40},"skip":true},{"start":{"line":288,"column":44},"end":{"line":288,"column":67},"skip":true}]},"22":{"line":292,"type":"binary-expr","locations":[{"start":{"line":292,"column":12},"end":{"line":292,"column":50},"skip":true},{"start":{"line":293,"column":12},"end":{"line":293,"column":53},"skip":true}]},"23":{"line":297,"type":"binary-expr","locations":[{"start":{"line":297,"column":12},"end":{"line":297,"column":74},"skip":true},{"start":{"line":298,"column":12},"end":{"line":301,"column":36},"skip":true}]},"24":{"line":303,"type":"binary-expr","locations":[{"start":{"line":303,"column":43},"end":{"line":303,"column":75},"skip":true},{"start":{"line":303,"column":79},"end":{"line":303,"column":81},"skip":true}]},"25":{"line":306,"type":"if","locations":[{"start":{"line":306,"column":8},"end":{"line":306,"column":8},"skip":true},{"start":{"line":306,"column":8},"end":{"line":306,"column":8},"skip":true}]},"26":{"line":310,"type":"if","locations":[{"start":{"line":310,"column":8},"end":{"line":310,"column":8},"skip":true},{"start":{"line":310,"column":8},"end":{"line":310,"column":8},"skip":true}]},"27":{"line":313,"type":"binary-expr","locations":[{"start":{"line":313,"column":27},"end":{"line":313,"column":43},"skip":true},{"start":{"line":313,"column":47},"end":{"line":313,"column":53},"skip":true}]},"28":{"line":317,"type":"if","locations":[{"start":{"line":317,"column":12},"end":{"line":317,"column":12},"skip":true},{"start":{"line":317,"column":12},"end":{"line":317,"column":12},"skip":true}]}},"code":["/*","example.js","","quickstart example","","instruction","    1. save this script as example.js","    2. run the shell command:","        $ npm install npmtest-electron-connect && PORT=8081 node example.js","    3. play with the browser-demo on http://127.0.0.1:8081","*/","","","","/* istanbul instrument in package npmtest_electron_connect */","/*jslint","    bitwise: true,","    browser: true,","    maxerr: 8,","    maxlen: 96,","    node: true,","    nomen: true,","    regexp: true,","    stupid: true","*/","(function () {","    'use strict';","    var local;","","","","    // run shared js-env code - pre-init","    (function () {","        // init local","        local = {};","        // init modeJs","        local.modeJs = (function () {","            try {","                return typeof navigator.userAgent === 'string' &&","                    typeof document.querySelector('body') === 'object' &&","                    typeof XMLHttpRequest.prototype.open === 'function' &&","                    'browser';","            } catch (errorCaughtBrowser) {","                return module.exports &&","                    typeof process.versions.node === 'string' &&","                    typeof require('http').createServer === 'function' &&","                    'node';","            }","        }());","        // init global","        local.global = local.modeJs === 'browser'","            ? window","            : global;","        // init utility2_rollup","        local = local.global.utility2_rollup || (local.modeJs === 'browser'","            ? local.global.utility2_npmtest_electron_connect","            : global.utility2_moduleExports);","        // export local","        local.global.local = local;","    }());","    switch (local.modeJs) {","","","","    // post-init","    // run browser js-env code - post-init","    /* istanbul ignore next */","    case 'browser':","        local.testRunBrowser = function (event) {","            if (!event || (event &&","                    event.currentTarget &&","                    event.currentTarget.className &&","                    event.currentTarget.className.includes &&","                    event.currentTarget.className.includes('onreset'))) {","                // reset output","                Array.from(","                    document.querySelectorAll('body > .resettable')","                ).forEach(function (element) {","                    switch (element.tagName) {","                    case 'INPUT':","                    case 'TEXTAREA':","                        element.value = '';","                        break;","                    default:","                        element.textContent = '';","                    }","                });","            }","            switch (event && event.currentTarget && event.currentTarget.id) {","            case 'testRunButton1':","                // show tests","                if (document.querySelector('#testReportDiv1').style.display === 'none') {","                    document.querySelector('#testReportDiv1').style.display = 'block';","                    document.querySelector('#testRunButton1').textContent =","                        'hide internal test';","                    local.modeTest = true;","                    local.testRunDefault(local);","                // hide tests","                } else {","                    document.querySelector('#testReportDiv1').style.display = 'none';","                    document.querySelector('#testRunButton1').textContent = 'run internal test';","                }","                break;","            // custom-case","            default:","                break;","            }","            if (document.querySelector('#inputTextareaEval1') && (!event || (event &&","                    event.currentTarget &&","                    event.currentTarget.className &&","                    event.currentTarget.className.includes &&","                    event.currentTarget.className.includes('oneval')))) {","                // try to eval input-code","                try {","                    /*jslint evil: true*/","                    eval(document.querySelector('#inputTextareaEval1').value);","                } catch (errorCaught) {","                    console.error(errorCaught);","                }","            }","        };","        // log stderr and stdout to #outputTextareaStdout1","        ['error', 'log'].forEach(function (key) {","            console[key + '_original'] = console[key];","            console[key] = function () {","                var element;","                console[key + '_original'].apply(console, arguments);","                element = document.querySelector('#outputTextareaStdout1');","                if (!element) {","                    return;","                }","                // append text to #outputTextareaStdout1","                element.value += Array.from(arguments).map(function (arg) {","                    return typeof arg === 'string'","                        ? arg","                        : JSON.stringify(arg, null, 4);","                }).join(' ') + '\\n';","                // scroll textarea to bottom","                element.scrollTop = element.scrollHeight;","            };","        });","        // init event-handling","        ['change', 'click', 'keyup'].forEach(function (event) {","            Array.from(document.querySelectorAll('.on' + event)).forEach(function (element) {","                element.addEventListener(event, local.testRunBrowser);","            });","        });","        // run tests","        local.testRunBrowser();","        break;","","","","    // run node js-env code - post-init","    /* istanbul ignore next */","    case 'node':","        // export local","        module.exports = local;","        // require modules","        local.fs = require('fs');","        local.http = require('http');","        local.url = require('url');","        // init assets","        local.assetsDict = local.assetsDict || {};","        /* jslint-ignore-begin */","        local.assetsDict['/assets.index.template.html'] = '\\","<!doctype html>\\n\\","<html lang=\"en\">\\n\\","<head>\\n\\","<meta charset=\"UTF-8\">\\n\\","<meta name=\"viewport\" content=\"width=device-width, initial-scale=1\">\\n\\","<title>{{env.npm_package_name}} (v{{env.npm_package_version}})</title>\\n\\","<style>\\n\\","/*csslint\\n\\","    box-sizing: false,\\n\\","    universal-selector: false\\n\\","*/\\n\\","* {\\n\\","    box-sizing: border-box;\\n\\","}\\n\\","body {\\n\\","    background: #dde;\\n\\","    font-family: Arial, Helvetica, sans-serif;\\n\\","    margin: 2rem;\\n\\","}\\n\\","body > * {\\n\\","    margin-bottom: 1rem;\\n\\","}\\n\\",".utility2FooterDiv {\\n\\","    margin-top: 20px;\\n\\","    text-align: center;\\n\\","}\\n\\","</style>\\n\\","<style>\\n\\","/*csslint\\n\\","*/\\n\\","textarea {\\n\\","    font-family: monospace;\\n\\","    height: 10rem;\\n\\","    width: 100%;\\n\\","}\\n\\","textarea[readonly] {\\n\\","    background: #ddd;\\n\\","}\\n\\","</style>\\n\\","</head>\\n\\","<body>\\n\\","<!-- utility2-comment\\n\\","<div id=\"ajaxProgressDiv1\" style=\"background: #d00; height: 2px; left: 0; margin: 0; padding: 0; position: fixed; top: 0; transition: background 0.5s, width 1.5s; width: 25%;\"></div>\\n\\","utility2-comment -->\\n\\","<h1>\\n\\","<!-- utility2-comment\\n\\","    <a\\n\\","        {{#if env.npm_package_homepage}}\\n\\","        href=\"{{env.npm_package_homepage}}\"\\n\\","        {{/if env.npm_package_homepage}}\\n\\","        target=\"_blank\"\\n\\","    >\\n\\","utility2-comment -->\\n\\","        {{env.npm_package_name}} (v{{env.npm_package_version}})\\n\\","<!-- utility2-comment\\n\\","    </a>\\n\\","utility2-comment -->\\n\\","</h1>\\n\\","<h3>{{env.npm_package_description}}</h3>\\n\\","<!-- utility2-comment\\n\\","<h4><a download href=\"assets.app.js\">download standalone app</a></h4>\\n\\","<button class=\"onclick onreset\" id=\"testRunButton1\">run internal test</button><br>\\n\\","<div id=\"testReportDiv1\" style=\"display: none;\"></div>\\n\\","utility2-comment -->\\n\\","\\n\\","\\n\\","\\n\\","<label>stderr and stdout</label>\\n\\","<textarea class=\"resettable\" id=\"outputTextareaStdout1\" readonly></textarea>\\n\\","<!-- utility2-comment\\n\\","{{#if isRollup}}\\n\\","<script src=\"assets.app.js\"></script>\\n\\","{{#unless isRollup}}\\n\\","utility2-comment -->\\n\\","<script src=\"assets.utility2.rollup.js\"></script>\\n\\","<script src=\"jsonp.utility2._stateInit?callback=window.utility2._stateInit\"></script>\\n\\","<script src=\"assets.npmtest_electron_connect.rollup.js\"></script>\\n\\","<script src=\"assets.example.js\"></script>\\n\\","<script src=\"assets.test.js\"></script>\\n\\","<!-- utility2-comment\\n\\","{{/if isRollup}}\\n\\","utility2-comment -->\\n\\","<div class=\"utility2FooterDiv\">\\n\\","    [ this app was created with\\n\\","    <a href=\"https://github.com/kaizhu256/node-utility2\" target=\"_blank\">utility2</a>\\n\\","    ]\\n\\","</div>\\n\\","</body>\\n\\","</html>\\n\\","';","        /* jslint-ignore-end */","        if (local.templateRender) {","            local.assetsDict['/'] = local.templateRender(","                local.assetsDict['/assets.index.template.html'],","                {","                    env: local.objectSetDefault(local.env, {","                        npm_package_description: 'the greatest app in the world!',","                        npm_package_name: 'my-app',","                        npm_package_nameAlias: 'my_app',","                        npm_package_version: '0.0.1'","                    })","                }","            );","        } else {","            local.assetsDict['/'] = local.assetsDict['/assets.index.template.html']","                .replace((/\\{\\{env\\.(\\w+?)\\}\\}/g), function (match0, match1) {","                    // jslint-hack","                    String(match0);","                    switch (match1) {","                    case 'npm_package_description':","                        return 'the greatest app in the world!';","                    case 'npm_package_name':","                        return 'my-app';","                    case 'npm_package_nameAlias':","                        return 'my_app';","                    case 'npm_package_version':","                        return '0.0.1';","                    }","                });","        }","        // run the cli","        if (local.global.utility2_rollup || module !== require.main) {","            break;","        }","        local.assetsDict['/assets.example.js'] =","            local.assetsDict['/assets.example.js'] ||","            local.fs.readFileSync(__filename, 'utf8');","        // bug-workaround - long $npm_package_buildCustomOrg","        /* jslint-ignore-begin */","        local.assetsDict['/assets.npmtest_electron_connect.rollup.js'] =","            local.assetsDict['/assets.npmtest_electron_connect.rollup.js'] ||","            local.fs.readFileSync(","                local.npmtest_electron_connect.__dirname + '/lib.npmtest_electron_connect.js',","                'utf8'","            ).replace((/^#!/), '//');","        /* jslint-ignore-end */","        local.assetsDict['/favicon.ico'] = local.assetsDict['/favicon.ico'] || '';","        // if $npm_config_timeout_exit exists,","        // then exit this process after $npm_config_timeout_exit ms","        if (Number(process.env.npm_config_timeout_exit)) {","            setTimeout(process.exit, Number(process.env.npm_config_timeout_exit));","        }","        // start server","        if (local.global.utility2_serverHttp1) {","            break;","        }","        process.env.PORT = process.env.PORT || '8081';","        console.error('server starting on port ' + process.env.PORT);","        local.http.createServer(function (request, response) {","            request.urlParsed = local.url.parse(request.url);","            if (local.assetsDict[request.urlParsed.pathname] !== undefined) {","                response.end(local.assetsDict[request.urlParsed.pathname]);","                return;","            }","            response.statusCode = 404;","            response.end();","        }).listen(process.env.PORT);","        break;","    }","}());",""],"l":{"26":2,"28":2,"33":2,"35":2,"37":2,"38":2,"39":2,"44":1,"51":2,"55":2,"59":2,"61":2,"69":1,"70":2,"76":2,"79":2,"82":2,"83":2,"85":1,"89":2,"92":1,"93":1,"94":1,"96":1,"97":1,"100":1,"101":1,"103":1,"106":1,"108":2,"114":1,"116":1,"118":1,"123":1,"124":2,"125":2,"126":3,"127":3,"128":3,"129":3,"130":1,"133":3,"134":3,"139":3,"143":1,"144":3,"145":1,"149":1,"150":1,"158":1,"160":1,"161":1,"162":1,"164":1,"166":1,"258":1,"259":1,"271":1,"274":6,"275":6,"277":1,"279":2,"281":1,"283":2,"288":1,"289":1,"291":1,"296":1,"303":1,"306":1,"307":1,"310":1,"311":1,"313":1,"314":1,"315":1,"316":1,"317":1,"318":1,"319":1,"321":1,"322":1,"324":1}},"/home/travis/build/npmtest/node-npmtest-electron-connect/node_modules/electron-connect/index.js":{"path":"/home/travis/build/npmtest/node-npmtest-electron-connect/node_modules/electron-connect/index.js","s":{"1":1,"2":1,"3":1},"b":{},"f":{},"fnMap":{},"statementMap":{"1":{"start":{"line":3,"column":0},"end":{"line":3,"column":40}},"2":{"start":{"line":4,"column":0},"end":{"line":4,"column":40}},"3":{"start":{"line":6,"column":0},"end":{"line":9,"column":2}}},"branchMap":{},"code":["'use strict';","","var server = require('./lib/server.js');","var client = require('./lib/client.js');","","module.exports = {","  server: server,","  client: client","};",""],"l":{"3":1,"4":1,"6":1}},"/home/travis/build/npmtest/node-npmtest-electron-connect/node_modules/electron-connect/lib/server.js":{"path":"/home/travis/build/npmtest/node-npmtest-electron-connect/node_modules/electron-connect/lib/server.js","s":{"1":1,"2":1,"3":1,"4":1,"5":1,"6":1,"7":1,"8":1,"9":0,"10":0,"11":0,"12":0,"13":1,"14":1,"15":0,"16":0,"17":0,"18":0,"19":0,"20":0,"21":0,"22":0,"23":0,"24":1,"25":0,"26":1,"27":0,"28":0,"29":1,"30":0,"31":0,"32":1,"33":0,"34":0,"35":0,"36":1,"37":0,"38":0,"39":0,"40":1,"41":0,"42":0,"43":0,"44":0,"45":0,"46":0,"47":0,"48":0,"49":0,"50":0,"51":0,"52":0,"53":0,"54":0,"55":0,"56":0,"57":0,"58":0,"59":0,"60":0,"61":0,"62":0,"63":0,"64":0,"65":0,"66":0,"67":0,"68":0,"69":0,"70":0,"71":0,"72":0,"73":0,"74":0,"75":0,"76":0,"77":0,"78":0,"79":0,"80":1,"81":0,"82":1,"83":0,"84":0,"85":0,"86":0,"87":0,"88":0,"89":0,"90":0,"91":0,"92":0,"93":0,"94":1,"95":0,"96":0,"97":0,"98":0,"99":0,"100":0,"101":0,"102":0,"103":0,"104":0,"105":0,"106":0,"107":0,"108":0,"109":0,"110":0,"111":0,"112":0,"113":0,"114":0,"115":0,"116":0,"117":0,"118":0,"119":1,"120":0,"121":0,"122":0,"123":1,"124":0,"125":0,"126":0,"127":0,"128":0,"129":1,"130":0,"131":0,"132":0,"133":0,"134":0,"135":0,"136":0,"137":0,"138":0,"139":0,"140":0,"141":0,"142":1,"143":0,"144":0,"145":0,"146":0,"147":0,"148":0,"149":0,"150":0,"151":0},"b":{"1":[0,0],"2":[0,0],"3":[0,0],"4":[0,0],"5":[0,0],"6":[0,0],"7":[0,0],"8":[0,0],"9":[0,0],"10":[0,0],"11":[0,0],"12":[0,0],"13":[0,0],"14":[0,0],"15":[0,0],"16":[0,0],"17":[0,0],"18":[0,0,0],"19":[0,0],"20":[0,0],"21":[0,0],"22":[0,0],"23":[0,0],"24":[0,0],"25":[0,0],"26":[0,0],"27":[0,0],"28":[0,0],"29":[0,0],"30":[0,0],"31":[0,0],"32":[0,0],"33":[0,0],"34":[0,0],"35":[0,0],"36":[0,0],"37":[0,0],"38":[0,0],"39":[0,0]},"f":{"1":0,"2":0,"3":0,"4":0,"5":0,"6":0,"7":0,"8":0,"9":0,"10":0,"11":0,"12":0,"13":0,"14":0,"15":0,"16":0,"17":0,"18":0,"19":0,"20":0,"21":0,"22":0,"23":0,"24":0,"25":0,"26":0},"fnMap":{"1":{"name":"(anonymous_1)","line":11,"loc":{"start":{"line":11,"column":21},"end":{"line":11,"column":33}}},"2":{"name":"(anonymous_2)","line":18,"loc":{"start":{"line":18,"column":32},"end":{"line":18,"column":47}}},"3":{"name":"(anonymous_3)","line":34,"loc":{"start":{"line":34,"column":31},"end":{"line":34,"column":46}}},"4":{"name":"(anonymous_4)","line":38,"loc":{"start":{"line":38,"column":32},"end":{"line":38,"column":47}}},"5":{"name":"(anonymous_5)","line":42,"loc":{"start":{"line":42,"column":35},"end":{"line":42,"column":50}}},"6":{"name":"(anonymous_6)","line":46,"loc":{"start":{"line":46,"column":53},"end":{"line":46,"column":77}}},"7":{"name":"(anonymous_7)","line":53,"loc":{"start":{"line":53,"column":33},"end":{"line":53,"column":59}}},"8":{"name":"(anonymous_8)","line":60,"loc":{"start":{"line":60,"column":33},"end":{"line":60,"column":53}}},"9":{"name":"(anonymous_9)","line":78,"loc":{"start":{"line":78,"column":58},"end":{"line":78,"column":70}}},"10":{"name":"connection","line":83,"loc":{"start":{"line":83,"column":28},"end":{"line":83,"column":52}}},"11":{"name":"(anonymous_11)","line":85,"loc":{"start":{"line":85,"column":26},"end":{"line":85,"column":45}}},"12":{"name":"(anonymous_12)","line":92,"loc":{"start":{"line":92,"column":24},"end":{"line":92,"column":36}}},"13":{"name":"(anonymous_13)","line":114,"loc":{"start":{"line":114,"column":37},"end":{"line":114,"column":59}}},"14":{"name":"(anonymous_14)","line":122,"loc":{"start":{"line":122,"column":43},"end":{"line":122,"column":55}}},"15":{"name":"(anonymous_15)","line":123,"loc":{"start":{"line":123,"column":24},"end":{"line":123,"column":49}}},"16":{"name":"(anonymous_16)","line":129,"loc":{"start":{"line":129,"column":26},"end":{"line":129,"column":51}}},"17":{"name":"(anonymous_17)","line":133,"loc":{"start":{"line":133,"column":23},"end":{"line":133,"column":48}}},"18":{"name":"(anonymous_18)","line":140,"loc":{"start":{"line":140,"column":35},"end":{"line":140,"column":55}}},"19":{"name":"(anonymous_19)","line":163,"loc":{"start":{"line":163,"column":23},"end":{"line":163,"column":34}}},"20":{"name":"(anonymous_20)","line":169,"loc":{"start":{"line":169,"column":23},"end":{"line":169,"column":34}}},"21":{"name":"(anonymous_21)","line":178,"loc":{"start":{"line":178,"column":39},"end":{"line":178,"column":53}}},"22":{"name":"(anonymous_22)","line":185,"loc":{"start":{"line":185,"column":32},"end":{"line":185,"column":46}}},"23":{"name":"(anonymous_23)","line":188,"loc":{"start":{"line":188,"column":19},"end":{"line":188,"column":32}}},"24":{"name":"(anonymous_24)","line":194,"loc":{"start":{"line":194,"column":34},"end":{"line":194,"column":49}}},"25":{"name":"(anonymous_25)","line":206,"loc":{"start":{"line":206,"column":16},"end":{"line":206,"column":30}}},"26":{"name":"(anonymous_26)","line":216,"loc":{"start":{"line":216,"column":10},"end":{"line":216,"column":29}}}},"statementMap":{"1":{"start":{"line":3,"column":0},"end":{"line":3,"column":50}},"2":{"start":{"line":4,"column":0},"end":{"line":4,"column":35}},"3":{"start":{"line":5,"column":0},"end":{"line":5,"column":32}},"4":{"start":{"line":6,"column":0},"end":{"line":6,"column":30}},"5":{"start":{"line":7,"column":0},"end":{"line":7,"column":26}},"6":{"start":{"line":8,"column":0},"end":{"line":8,"column":47}},"7":{"start":{"line":9,"column":0},"end":{"line":9,"column":29}},"8":{"start":{"line":11,"column":0},"end":{"line":16,"column":2}},"9":{"start":{"line":12,"column":2},"end":{"line":12,"column":37}},"10":{"start":{"line":13,"column":2},"end":{"line":13,"column":41}},"11":{"start":{"line":14,"column":2},"end":{"line":14,"column":39}},"12":{"start":{"line":15,"column":2},"end":{"line":15,"column":35}},"13":{"start":{"line":17,"column":0},"end":{"line":17,"column":46}},"14":{"start":{"line":18,"column":0},"end":{"line":32,"column":2}},"15":{"start":{"line":19,"column":2},"end":{"line":19,"column":17}},"16":{"start":{"line":22,"column":2},"end":{"line":26,"column":3}},"17":{"start":{"line":23,"column":4},"end":{"line":23,"column":47}},"18":{"start":{"line":24,"column":9},"end":{"line":26,"column":3}},"19":{"start":{"line":25,"column":4},"end":{"line":25,"column":44}},"20":{"start":{"line":28,"column":2},"end":{"line":28,"column":22}},"21":{"start":{"line":29,"column":2},"end":{"line":29,"column":30}},"22":{"start":{"line":30,"column":2},"end":{"line":30,"column":30}},"23":{"start":{"line":31,"column":2},"end":{"line":31,"column":14}},"24":{"start":{"line":34,"column":0},"end":{"line":36,"column":2}},"25":{"start":{"line":35,"column":2},"end":{"line":35,"column":86}},"26":{"start":{"line":38,"column":0},"end":{"line":40,"column":2}},"27":{"start":{"line":39,"column":2},"end":{"line":39,"column":130}},"28":{"start":{"line":39,"column":47},"end":{"line":39,"column":130}},"29":{"start":{"line":42,"column":0},"end":{"line":44,"column":2}},"30":{"start":{"line":43,"column":2},"end":{"line":43,"column":133}},"31":{"start":{"line":43,"column":50},"end":{"line":43,"column":133}},"32":{"start":{"line":46,"column":0},"end":{"line":51,"column":2}},"33":{"start":{"line":47,"column":2},"end":{"line":47,"column":33}},"34":{"start":{"line":48,"column":2},"end":{"line":50,"column":3}},"35":{"start":{"line":49,"column":4},"end":{"line":49,"column":18}},"36":{"start":{"line":53,"column":0},"end":{"line":58,"column":2}},"37":{"start":{"line":55,"column":2},"end":{"line":55,"column":37}},"38":{"start":{"line":56,"column":2},"end":{"line":56,"column":87}},"39":{"start":{"line":57,"column":2},"end":{"line":57,"column":66}},"40":{"start":{"line":60,"column":0},"end":{"line":112,"column":2}},"41":{"start":{"line":62,"column":2},"end":{"line":74,"column":3}},"42":{"start":{"line":63,"column":4},"end":{"line":63,"column":14}},"43":{"start":{"line":64,"column":8},"end":{"line":74,"column":3}},"44":{"start":{"line":65,"column":4},"end":{"line":65,"column":14}},"45":{"start":{"line":66,"column":4},"end":{"line":66,"column":14}},"46":{"start":{"line":67,"column":8},"end":{"line":74,"column":3}},"47":{"start":{"line":68,"column":4},"end":{"line":68,"column":18}},"48":{"start":{"line":69,"column":8},"end":{"line":74,"column":3}},"49":{"start":{"line":70,"column":8},"end":{"line":74,"column":3}},"50":{"start":{"line":71,"column":4},"end":{"line":71,"column":14}},"51":{"start":{"line":73,"column":4},"end":{"line":73,"column":65}},"52":{"start":{"line":76,"column":2},"end":{"line":76,"column":34}},"53":{"start":{"line":78,"column":2},"end":{"line":82,"column":16}},"54":{"start":{"line":79,"column":4},"end":{"line":79,"column":40}},"55":{"start":{"line":80,"column":4},"end":{"line":80,"column":59}},"56":{"start":{"line":81,"column":4},"end":{"line":81,"column":50}},"57":{"start":{"line":83,"column":2},"end":{"line":110,"column":16}},"58":{"start":{"line":84,"column":4},"end":{"line":84,"column":40}},"59":{"start":{"line":85,"column":4},"end":{"line":91,"column":18}},"60":{"start":{"line":86,"column":6},"end":{"line":86,"column":92}},"61":{"start":{"line":87,"column":6},"end":{"line":87,"column":36}},"62":{"start":{"line":88,"column":6},"end":{"line":90,"column":7}},"63":{"start":{"line":89,"column":8},"end":{"line":89,"column":47}},"64":{"start":{"line":92,"column":4},"end":{"line":107,"column":18}},"65":{"start":{"line":93,"column":6},"end":{"line":93,"column":66}},"66":{"start":{"line":94,"column":6},"end":{"line":94,"column":39}},"67":{"start":{"line":95,"column":6},"end":{"line":95,"column":24}},"68":{"start":{"line":96,"column":6},"end":{"line":106,"column":7}},"69":{"start":{"line":97,"column":10},"end":{"line":97,"column":47}},"70":{"start":{"line":98,"column":8},"end":{"line":105,"column":9}},"71":{"start":{"line":99,"column":10},"end":{"line":99,"column":66}},"72":{"start":{"line":100,"column":10},"end":{"line":100,"column":24}},"73":{"start":{"line":101,"column":15},"end":{"line":105,"column":9}},"74":{"start":{"line":102,"column":10},"end":{"line":102,"column":53}},"75":{"start":{"line":103,"column":10},"end":{"line":103,"column":46}},"76":{"start":{"line":104,"column":10},"end":{"line":104,"column":76}},"77":{"start":{"line":108,"column":4},"end":{"line":108,"column":65}},"78":{"start":{"line":109,"column":4},"end":{"line":109,"column":22}},"79":{"start":{"line":111,"column":2},"end":{"line":111,"column":25}},"80":{"start":{"line":114,"column":0},"end":{"line":116,"column":2}},"81":{"start":{"line":115,"column":2},"end":{"line":115,"column":38}},"82":{"start":{"line":122,"column":0},"end":{"line":138,"column":2}},"83":{"start":{"line":123,"column":2},"end":{"line":128,"column":16}},"84":{"start":{"line":124,"column":4},"end":{"line":127,"column":5}},"85":{"start":{"line":125,"column":6},"end":{"line":125,"column":46}},"86":{"start":{"line":126,"column":6},"end":{"line":126,"column":41}},"87":{"start":{"line":129,"column":2},"end":{"line":132,"column":16}},"88":{"start":{"line":130,"column":4},"end":{"line":130,"column":62}},"89":{"start":{"line":131,"column":4},"end":{"line":131,"column":39}},"90":{"start":{"line":133,"column":2},"end":{"line":137,"column":16}},"91":{"start":{"line":134,"column":4},"end":{"line":134,"column":39}},"92":{"start":{"line":135,"column":4},"end":{"line":135,"column":99}},"93":{"start":{"line":136,"column":4},"end":{"line":136,"column":55}},"94":{"start":{"line":140,"column":0},"end":{"line":176,"column":2}},"95":{"start":{"line":141,"column":2},"end":{"line":153,"column":3}},"96":{"start":{"line":142,"column":4},"end":{"line":142,"column":14}},"97":{"start":{"line":143,"column":8},"end":{"line":153,"column":3}},"98":{"start":{"line":144,"column":4},"end":{"line":144,"column":14}},"99":{"start":{"line":145,"column":4},"end":{"line":145,"column":14}},"100":{"start":{"line":146,"column":8},"end":{"line":153,"column":3}},"101":{"start":{"line":147,"column":4},"end":{"line":147,"column":18}},"102":{"start":{"line":148,"column":8},"end":{"line":153,"column":3}},"103":{"start":{"line":149,"column":8},"end":{"line":153,"column":3}},"104":{"start":{"line":150,"column":4},"end":{"line":150,"column":14}},"105":{"start":{"line":152,"column":4},"end":{"line":152,"column":65}},"106":{"start":{"line":155,"column":2},"end":{"line":157,"column":3}},"107":{"start":{"line":156,"column":4},"end":{"line":156,"column":30}},"108":{"start":{"line":159,"column":2},"end":{"line":159,"column":36}},"109":{"start":{"line":160,"column":2},"end":{"line":175,"column":3}},"110":{"start":{"line":161,"column":4},"end":{"line":161,"column":71}},"111":{"start":{"line":162,"column":4},"end":{"line":174,"column":5}},"112":{"start":{"line":163,"column":6},"end":{"line":167,"column":20}},"113":{"start":{"line":164,"column":8},"end":{"line":164,"column":51}},"114":{"start":{"line":165,"column":8},"end":{"line":165,"column":44}},"115":{"start":{"line":166,"column":8},"end":{"line":166,"column":74}},"116":{"start":{"line":169,"column":6},"end":{"line":173,"column":20}},"117":{"start":{"line":170,"column":8},"end":{"line":172,"column":9}},"118":{"start":{"line":171,"column":10},"end":{"line":171,"column":51}},"119":{"start":{"line":178,"column":0},"end":{"line":183,"column":2}},"120":{"start":{"line":179,"column":2},"end":{"line":182,"column":3}},"121":{"start":{"line":180,"column":4},"end":{"line":180,"column":73}},"122":{"start":{"line":181,"column":4},"end":{"line":181,"column":47}},"123":{"start":{"line":185,"column":0},"end":{"line":192,"column":2}},"124":{"start":{"line":186,"column":2},"end":{"line":186,"column":67}},"125":{"start":{"line":187,"column":2},"end":{"line":187,"column":34}},"126":{"start":{"line":188,"column":2},"end":{"line":191,"column":16}},"127":{"start":{"line":189,"column":4},"end":{"line":189,"column":21}},"128":{"start":{"line":190,"column":4},"end":{"line":190,"column":50}},"129":{"start":{"line":194,"column":0},"end":{"line":213,"column":2}},"130":{"start":{"line":195,"column":2},"end":{"line":195,"column":11}},"131":{"start":{"line":196,"column":2},"end":{"line":200,"column":3}},"132":{"start":{"line":197,"column":4},"end":{"line":197,"column":17}},"133":{"start":{"line":198,"column":8},"end":{"line":200,"column":3}},"134":{"start":{"line":199,"column":4},"end":{"line":199,"column":15}},"135":{"start":{"line":202,"column":2},"end":{"line":202,"column":35}},"136":{"start":{"line":203,"column":2},"end":{"line":209,"column":3}},"137":{"start":{"line":204,"column":4},"end":{"line":204,"column":29}},"138":{"start":{"line":206,"column":4},"end":{"line":208,"column":7}},"139":{"start":{"line":207,"column":6},"end":{"line":207,"column":50}},"140":{"start":{"line":210,"column":2},"end":{"line":212,"column":17}},"141":{"start":{"line":211,"column":4},"end":{"line":211,"column":36}},"142":{"start":{"line":215,"column":0},"end":{"line":239,"column":2}},"143":{"start":{"line":217,"column":4},"end":{"line":217,"column":17}},"144":{"start":{"line":218,"column":4},"end":{"line":228,"column":5}},"145":{"start":{"line":219,"column":6},"end":{"line":219,"column":28}},"146":{"start":{"line":221,"column":6},"end":{"line":227,"column":7}},"147":{"start":{"line":222,"column":8},"end":{"line":222,"column":39}},"148":{"start":{"line":224,"column":8},"end":{"line":226,"column":9}},"149":{"start":{"line":225,"column":10},"end":{"line":225,"column":32}},"150":{"start":{"line":229,"column":4},"end":{"line":236,"column":22}},"151":{"start":{"line":237,"column":4},"end":{"line":237,"column":42}}},"branchMap":{"1":{"line":22,"type":"if","locations":[{"start":{"line":22,"column":2},"end":{"line":22,"column":2}},{"start":{"line":22,"column":2},"end":{"line":22,"column":2}}]},"2":{"line":24,"type":"if","locations":[{"start":{"line":24,"column":9},"end":{"line":24,"column":9}},{"start":{"line":24,"column":9},"end":{"line":24,"column":9}}]},"3":{"line":39,"type":"if","locations":[{"start":{"line":39,"column":2},"end":{"line":39,"column":2}},{"start":{"line":39,"column":2},"end":{"line":39,"column":2}}]},"4":{"line":43,"type":"if","locations":[{"start":{"line":43,"column":2},"end":{"line":43,"column":2}},{"start":{"line":43,"column":2},"end":{"line":43,"column":2}}]},"5":{"line":48,"type":"if","locations":[{"start":{"line":48,"column":2},"end":{"line":48,"column":2}},{"start":{"line":48,"column":2},"end":{"line":48,"column":2}}]},"6":{"line":48,"type":"binary-expr","locations":[{"start":{"line":48,"column":6},"end":{"line":48,"column":8}},{"start":{"line":48,"column":13},"end":{"line":48,"column":37}}]},"7":{"line":62,"type":"if","locations":[{"start":{"line":62,"column":2},"end":{"line":62,"column":2}},{"start":{"line":62,"column":2},"end":{"line":62,"column":2}}]},"8":{"line":62,"type":"binary-expr","locations":[{"start":{"line":62,"column":5},"end":{"line":62,"column":8}},{"start":{"line":62,"column":12},"end":{"line":62,"column":17}}]},"9":{"line":64,"type":"if","locations":[{"start":{"line":64,"column":8},"end":{"line":64,"column":8}},{"start":{"line":64,"column":8},"end":{"line":64,"column":8}}]},"10":{"line":64,"type":"binary-expr","locations":[{"start":{"line":64,"column":11},"end":{"line":64,"column":14}},{"start":{"line":64,"column":18},"end":{"line":64,"column":44}}]},"11":{"line":67,"type":"if","locations":[{"start":{"line":67,"column":8},"end":{"line":67,"column":8}},{"start":{"line":67,"column":8},"end":{"line":67,"column":8}}]},"12":{"line":69,"type":"if","locations":[{"start":{"line":69,"column":8},"end":{"line":69,"column":8}},{"start":{"line":69,"column":8},"end":{"line":69,"column":8}}]},"13":{"line":70,"type":"if","locations":[{"start":{"line":70,"column":8},"end":{"line":70,"column":8}},{"start":{"line":70,"column":8},"end":{"line":70,"column":8}}]},"14":{"line":88,"type":"if","locations":[{"start":{"line":88,"column":6},"end":{"line":88,"column":6}},{"start":{"line":88,"column":6},"end":{"line":88,"column":6}}]},"15":{"line":88,"type":"binary-expr","locations":[{"start":{"line":88,"column":9},"end":{"line":88,"column":17}},{"start":{"line":88,"column":21},"end":{"line":88,"column":49}}]},"16":{"line":96,"type":"if","locations":[{"start":{"line":96,"column":6},"end":{"line":96,"column":6}},{"start":{"line":96,"column":6},"end":{"line":96,"column":6}}]},"17":{"line":98,"type":"if","locations":[{"start":{"line":98,"column":8},"end":{"line":98,"column":8}},{"start":{"line":98,"column":8},"end":{"line":98,"column":8}}]},"18":{"line":98,"type":"binary-expr","locations":[{"start":{"line":98,"column":12},"end":{"line":98,"column":32}},{"start":{"line":98,"column":36},"end":{"line":98,"column":71}},{"start":{"line":98,"column":75},"end":{"line":98,"column":109}}]},"19":{"line":101,"type":"if","locations":[{"start":{"line":101,"column":15},"end":{"line":101,"column":15}},{"start":{"line":101,"column":15},"end":{"line":101,"column":15}}]},"20":{"line":124,"type":"if","locations":[{"start":{"line":124,"column":4},"end":{"line":124,"column":4}},{"start":{"line":124,"column":4},"end":{"line":124,"column":4}}]},"21":{"line":141,"type":"if","locations":[{"start":{"line":141,"column":2},"end":{"line":141,"column":2}},{"start":{"line":141,"column":2},"end":{"line":141,"column":2}}]},"22":{"line":141,"type":"binary-expr","locations":[{"start":{"line":141,"column":5},"end":{"line":141,"column":8}},{"start":{"line":141,"column":12},"end":{"line":141,"column":17}}]},"23":{"line":143,"type":"if","locations":[{"start":{"line":143,"column":8},"end":{"line":143,"column":8}},{"start":{"line":143,"column":8},"end":{"line":143,"column":8}}]},"24":{"line":143,"type":"binary-expr","locations":[{"start":{"line":143,"column":11},"end":{"line":143,"column":14}},{"start":{"line":143,"column":18},"end":{"line":143,"column":44}}]},"25":{"line":146,"type":"if","locations":[{"start":{"line":146,"column":8},"end":{"line":146,"column":8}},{"start":{"line":146,"column":8},"end":{"line":146,"column":8}}]},"26":{"line":148,"type":"if","locations":[{"start":{"line":148,"column":8},"end":{"line":148,"column":8}},{"start":{"line":148,"column":8},"end":{"line":148,"column":8}}]},"27":{"line":149,"type":"if","locations":[{"start":{"line":149,"column":8},"end":{"line":149,"column":8}},{"start":{"line":149,"column":8},"end":{"line":149,"column":8}}]},"28":{"line":155,"type":"if","locations":[{"start":{"line":155,"column":2},"end":{"line":155,"column":2}},{"start":{"line":155,"column":2},"end":{"line":155,"column":2}}]},"29":{"line":160,"type":"if","locations":[{"start":{"line":160,"column":2},"end":{"line":160,"column":2}},{"start":{"line":160,"column":2},"end":{"line":160,"column":2}}]},"30":{"line":162,"type":"if","locations":[{"start":{"line":162,"column":4},"end":{"line":162,"column":4}},{"start":{"line":162,"column":4},"end":{"line":162,"column":4}}]},"31":{"line":170,"type":"if","locations":[{"start":{"line":170,"column":8},"end":{"line":170,"column":8}},{"start":{"line":170,"column":8},"end":{"line":170,"column":8}}]},"32":{"line":179,"type":"if","locations":[{"start":{"line":179,"column":2},"end":{"line":179,"column":2}},{"start":{"line":179,"column":2},"end":{"line":179,"column":2}}]},"33":{"line":196,"type":"if","locations":[{"start":{"line":196,"column":2},"end":{"line":196,"column":2}},{"start":{"line":196,"column":2},"end":{"line":196,"column":2}}]},"34":{"line":198,"type":"if","locations":[{"start":{"line":198,"column":8},"end":{"line":198,"column":8}},{"start":{"line":198,"column":8},"end":{"line":198,"column":8}}]},"35":{"line":203,"type":"if","locations":[{"start":{"line":203,"column":2},"end":{"line":203,"column":2}},{"start":{"line":203,"column":2},"end":{"line":203,"column":2}}]},"36":{"line":218,"type":"if","locations":[{"start":{"line":218,"column":4},"end":{"line":218,"column":4}},{"start":{"line":218,"column":4},"end":{"line":218,"column":4}}]},"37":{"line":218,"type":"binary-expr","locations":[{"start":{"line":218,"column":7},"end":{"line":218,"column":14}},{"start":{"line":218,"column":18},"end":{"line":218,"column":43}}]},"38":{"line":224,"type":"if","locations":[{"start":{"line":224,"column":8},"end":{"line":224,"column":8}},{"start":{"line":224,"column":8},"end":{"line":224,"column":8}}]},"39":{"line":236,"type":"binary-expr","locations":[{"start":{"line":236,"column":7},"end":{"line":236,"column":14}},{"start":{"line":236,"column":18},"end":{"line":236,"column":20}}]}},"code":["'use strict';","","var EventEmitter = require('events').EventEmitter;","var spawn = require('cross-spawn');","var kill = require('tree-kill');","var webSocket = require('ws');","var _ = require('lodash');","var SocketWrapper = require('./socketWrapper');","var util = require('./util');","","var ProcessManager = function () {","  this.start = this.start.bind(this);","  this.restart = this.restart.bind(this);","  this.reload = this.reload.bind(this);","  this.stop = this.stop.bind(this);","};","ProcessManager.prototype = new EventEmitter();","ProcessManager.prototype.init = function (opt) {","  this.opt = opt;","","  // handle old boolean verbose values","  if (this.opt.verbose === true) {","    this.opt.logLevel = util.LOG_LEVEL_VERBOSE;","  } else if (this.opt.verbose === false) {","    this.opt.logLevel = util.LOG_LEVEL_INFO;","  }","","  this.numClients = 0;","  this.electronState = 'init';","  this.restartCallback = null;","  return this;","};","","ProcessManager.prototype.warn= function (msg) {","  console.warn('[' + new Date().toISOString() + '] [electron-connect] [server]', msg);","};","","ProcessManager.prototype.info = function (msg) {","  if(this.opt.logLevel >= util.LOG_LEVEL_INFO) console.log('[' + new Date().toISOString() + '] [electron-connect] [server]', msg);","};","","ProcessManager.prototype.verbose = function (msg) {","  if(this.opt.logLevel >= util.LOG_LEVEL_VERBOSE) console.log('[' + new Date().toISOString() + '] [electron-connect] [server]', msg);","};","","ProcessManager.prototype.setStateAndInvokeCallback = function(procState, cb) {","  this.electronState = procState;","  if (cb && (typeof cb === 'function')) {","    cb(procState);","  }","};","","ProcessManager.prototype.spawn = function (args, spawnOpt) {","  // HACK - for now, pass electron option to preload some module (i picked 'process' module).","  args = [\"-r process\"].concat(args);","  this.electronProc = spawn(this.opt.electron, args.concat([this.opt.path]), spawnOpt);","  this.info('started electron process: ' + this.electronProc.pid);","};","","ProcessManager.prototype.start = function (args, cb) {","","  if(!cb && !args) {","    args = [];","  }else if(!cb && typeof args === 'function') {","    cb = args;","    args = [];","  }else if(typeof args === 'string') {","    args = [args];","  }else if(Array.isArray(args)){","  }else if(typeof args === 'object'){","    args = [];","  }else{","    throw new Error('args must be String or an Array of String');","  }","","  this.electronState = 'starting';","","  this.wss = new webSocket.Server({ port: this.opt.port}, function () {","    this.spawn(args, this.opt.spawnOpt);","    this.info('created and listening on ' + this.opt.port);","    this.setStateAndInvokeCallback('started', cb);","  }.bind(this));","  this.wss.on('connection', function connection(ws) {","    var wrapper = new SocketWrapper(ws);","    wrapper.on('message', function (message) {","      this.verbose('receive message from client(window_id: ' + wrapper.id + ') '+  message);","      var obj = JSON.parse(message);","      if(obj.type && typeof obj.type === 'string') {","        this.emit(obj.type, obj.data, wrapper);","      }","    }.bind(this));","    wrapper.on('close', function () {","      this.info('client (window_id: ' + wrapper.id + ') closed.');","      SocketWrapper.delete(wrapper.id);","      this.numClients--;","      if (!this.numClients) {","          this.verbose('no more open windows');","        if (this.opt.stopOnClose && this.electronState !== 'restarting' && this.electronState !== 'reloading') {","          this.verbose('stopOnClose is set. So, invoking stop..');","          this.stop(cb);","        } else if (this.electronState === 'restarting') {","          this.info('Respawning electron process..');","          this.spawn(args, this.opt.spawnOpt);","          this.setStateAndInvokeCallback('restarted', this.restartCallback);","        }","      }","    }.bind(this));","    this.info('client (window_id: ' + wrapper.id + ') started.');","    this.numClients++;","  }.bind(this));","  this.registerHandler();","};","","ProcessManager.prototype.broadcast = function (type, data) {","  SocketWrapper.broadcast(type, data);","};","","// ProcessManager.prototype.sendMessage = function (id, type, data) {","//   SocketWrapper.get(id).sendMessage(type, data);","// };","","ProcessManager.prototype.registerHandler = function () {","  this.on('initBounds', function (data, wrapper) {","    if(JSON.stringify(wrapper.get('init_bounds')) !== JSON.stringify(data.bounds)) {","      wrapper.set('init_bounds', data.bounds);","      wrapper.set('bounds', data.bounds);","    }","  }.bind(this));","  this.on('changeBounds', function (data, wrapper) {","    this.verbose('changeBounds for window_id: ' + wrapper.id);","    wrapper.set('bounds', data.bounds);","  }.bind(this));","  this.on('getBounds', function (data, wrapper) {","    var bounds = wrapper.get('bounds');","    this.verbose('getBounds for window_id: ' + wrapper.id + ', bounds: ' + JSON.stringify(bounds));","    wrapper.sendMessage('setBounds', {bounds: bounds});","  }.bind(this));","};","","ProcessManager.prototype.restart = function (args, cb) {","  if(!cb && !args) {","    args = [];","  }else if(!cb && typeof args === 'function') {","    cb = args;","    args = [];","  }else if(typeof args === 'string') {","    args = [args];","  }else if(Array.isArray(args)){","  }else if(typeof args === 'object') {","    args = [];","  }else{","    throw new Error('args must be String or an Array of String');","  }","","  if (typeof cb === 'function') {","    this.restartCallback = cb;","  }","","  this.electronState = 'restarting';","  if (this.electronProc) {","    this.info('restarting electron process: ' + this.electronProc.pid);","    if (!this.numClients) {","      this.killProcess(function() {","        this.info('Respawning electron process..');","        this.spawn(args, this.opt.spawnOpt);","        this.setStateAndInvokeCallback('restarted', this.restartCallback);","      }.bind(this));","    } else {","      this.killProcess(function() {","        if (this.restartCallback) {","          this.restartCallback(this.electronState);","        }","      }.bind(this));","    }","  }","};","","ProcessManager.prototype.killProcess = function (cb) {","  if(this.electronProc) {","    this.info('killing electron process tree: ' + this.electronProc.pid);","    kill(this.electronProc.pid, 'SIGTERM', cb);","  }","};","","ProcessManager.prototype.stop = function (cb) {","  this.info('stopping electron process: ' + this.electronProc.pid);","  this.electronState = 'stopping';","  this.killProcess(function(err){","    this.wss.close();","    this.setStateAndInvokeCallback('stopped', cb);","  }.bind(this));","};","","ProcessManager.prototype.reload = function (ids) {","  var list;","  if(typeof ids === 'string') {","    list = [ids];","  }else if(Array.isArray(ids)) {","    list = ids;","  }","","  this.electronState = 'reloading';","  if(!list) {","    this.
[...]
pmtest/node-npmtest-electron-connect/node_modules/electron-connect/lib/client.js":{"path":"/home/travis/build/npmtest/node-npmtest-electron-connect/node_modules/electron-connect/lib/client.js","s":{"1":1,"2":1,"3":1,"4":1,"5":1,"6":0,"7":0,"8":1,"9":1,"10":1,"11":1,"12":0,"13":1,"14":0,"15":0,"16":1,"17":0,"18":0,"19":1,"20":0,"21":0,"22":0,"23":0,"24":0,"25":0,"26":0,"27":0,"28":0,"29":0,"30":0,"31":0,"32":0,"33":0,"34":0,"35":0,"36":0,"37":0,"38":0,"39":0,"40":0,"41":0,"42":0,"43":0,"44":0,"45":0,"46":0,"47":0,"48":0,"49":0,"50":0,"51":0,"52":0,"53":0,"54":1,"55":0,"56":0,"57":0,"58":0,"59":0,"60":0,"61":0,"62":0,"63":1,"64":0,"65":1,"66":0,"67":0,"68":0,"69":0,"70":0,"71":0,"72":0,"73":0,"74":0,"75":0,"76":0,"77":0,"78":1,"79":0,"80":0,"81":0,"82":1,"83":1,"84":0},"b":{"1":[0,0],"2":[0,0],"3":[0,0],"4":[0,0],"5":[0,0],"6":[0,0],"7":[0,0],"8":[0,0],"9":[0,0],"10":[0,0],"11":[0,0],"12":[0,0],"13":[0,0],"14":[0,0],"15":[0,0],"16":[0,0],"17":[0,0],"18":[0,0],"19":[0,0],"20":[0,0],"21":[0,0,0,0],"22":[0,0],"23":[0,0],"24":[0,0],"25":[0,0],"26":[0,0],"27":[0,0]},"f":{"1":0,"2":0,"3":0,"4":0,"5":0,"6":0,"7":0,"8":0,"9":0,"10":0,"11":0,"12":0,"13":0,"14":0,"15":0,"16":0,"17":0,"18":0},"fnMap":{"1":{"name":"(anonymous_1)","line":8,"loc":{"start":{"line":8,"column":23},"end":{"line":8,"column":35}}},"2":{"name":"(anonymous_2)","line":14,"loc":{"start":{"line":14,"column":13},"end":{"line":14,"column":25}}},"3":{"name":"(anonymous_3)","line":22,"loc":{"start":{"line":22,"column":24},"end":{"line":22,"column":39}}},"4":{"name":"(anonymous_4)","line":26,"loc":{"start":{"line":26,"column":24},"end":{"line":26,"column":39}}},"5":{"name":"(anonymous_5)","line":30,"loc":{"start":{"line":30,"column":27},"end":{"line":30,"column":42}}},"6":{"name":"(anonymous_6)","line":34,"loc":{"start":{"line":34,"column":24},"end":{"line":34,"column":62}}},"7":{"name":"(anonymous_7)","line":65,"loc":{"start":{"line":65,"column":25},"end":{"line":65,"column":37}}},"8":{"name":"(anonymous_8)","line":67,"loc":{"start":{"line":67,"column":30},"end":{"line":67,"column":45}}},"9":{"name":"(anonymous_9)","line":88,"loc":{"start":{"line":88,"column":34},"end":{"line":88,"column":59}}},"10":{"name":"(anonymous_10)","line":89,"loc":{"start":{"line":89,"column":52},"end":{"line":89,"column":73}}},"11":{"name":"(anonymous_11)","line":90,"loc":{"start":{"line":90,"column":32},"end":{"line":90,"column":44}}},"12":{"name":"(anonymous_12)","line":101,"loc":{"start":{"line":101,"column":31},"end":{"line":101,"column":42}}},"13":{"name":"(anonymous_13)","line":109,"loc":{"start":{"line":109,"column":31},"end":{"line":109,"column":53}}},"14":{"name":"(anonymous_14)","line":113,"loc":{"start":{"line":113,"column":35},"end":{"line":113,"column":60}}},"15":{"name":"(anonymous_15)","line":114,"loc":{"start":{"line":114,"column":23},"end":{"line":114,"column":39}}},"16":{"name":"(anonymous_16)","line":120,"loc":{"start":{"line":120,"column":20},"end":{"line":120,"column":36}}},"17":{"name":"(anonymous_17)","line":136,"loc":{"start":{"line":136,"column":25},"end":{"line":136,"column":50}}},"18":{"name":"(anonymous_18)","line":146,"loc":{"start":{"line":146,"column":10},"end":{"line":146,"column":48}}}},"statementMap":{"1":{"start":{"line":3,"column":0},"end":{"line":3,"column":50}},"2":{"start":{"line":4,"column":0},"end":{"line":4,"column":30}},"3":{"start":{"line":5,"column":0},"end":{"line":5,"column":26}},"4":{"start":{"line":6,"column":0},"end":{"line":6,"column":29}},"5":{"start":{"line":8,"column":0},"end":{"line":12,"column":2}},"6":{"start":{"line":9,"column":2},"end":{"line":11,"column":3}},"7":{"start":{"line":10,"column":4},"end":{"line":10,"column":57}},"8":{"start":{"line":14,"column":0},"end":{"line":14,"column":28}},"9":{"start":{"line":15,"column":0},"end":{"line":19,"column":2}},"10":{"start":{"line":20,"column":0},"end":{"line":20,"column":38}},"11":{"start":{"line":22,"column":0},"end":{"line":24,"column":2}},"12":{"start":{"line":23,"column":2},"end":{"line":23,"column":105}},"13":{"start":{"line":26,"column":0},"end":{"line":28,"column":2}},"14":{"start":{"line":27,"column":2},"end":{"line":27,"column":149}},"15":{"start":{"line":27,"column":47},"end":{"line":27,"column":149}},"16":{"start":{"line":30,"column":0},"end":{"line":32,"column":2}},"17":{"start":{"line":31,"column":2},"end":{"line":31,"column":152}},"18":{"start":{"line":31,"column":50},"end":{"line":31,"column":152}},"19":{"start":{"line":34,"column":0},"end":{"line":86,"column":2}},"20":{"start":{"line":35,"column":2},"end":{"line":53,"column":3}},"21":{"start":{"line":36,"column":4},"end":{"line":43,"column":5}},"22":{"start":{"line":37,"column":6},"end":{"line":37,"column":28}},"23":{"start":{"line":38,"column":10},"end":{"line":43,"column":5}},"24":{"start":{"line":39,"column":6},"end":{"line":39,"column":19}},"25":{"start":{"line":40,"column":6},"end":{"line":40,"column":28}},"26":{"start":{"line":42,"column":6},"end":{"line":42,"column":46}},"27":{"start":{"line":45,"column":4},"end":{"line":51,"column":5}},"28":{"start":{"line":46,"column":6},"end":{"line":46,"column":52}},"29":{"start":{"line":47,"column":6},"end":{"line":47,"column":19}},"30":{"start":{"line":49,"column":6},"end":{"line":49,"column":28}},"31":{"start":{"line":50,"column":6},"end":{"line":50,"column":25}},"32":{"start":{"line":52,"column":4},"end":{"line":52,"column":39}},"33":{"start":{"line":56,"column":2},"end":{"line":60,"column":3}},"34":{"start":{"line":57,"column":4},"end":{"line":57,"column":47}},"35":{"start":{"line":58,"column":9},"end":{"line":60,"column":3}},"36":{"start":{"line":59,"column":4},"end":{"line":59,"column":44}},"37":{"start":{"line":62,"column":2},"end":{"line":62,"column":60}},"38":{"start":{"line":63,"column":2},"end":{"line":63,"column":15}},"39":{"start":{"line":64,"column":2},"end":{"line":64,"column":92}},"40":{"start":{"line":65,"column":2},"end":{"line":83,"column":16}},"41":{"start":{"line":66,"column":4},"end":{"line":66,"column":34}},"42":{"start":{"line":67,"column":4},"end":{"line":77,"column":18}},"43":{"start":{"line":68,"column":6},"end":{"line":76,"column":7}},"44":{"start":{"line":69,"column":8},"end":{"line":69,"column":38}},"45":{"start":{"line":70,"column":8},"end":{"line":73,"column":9}},"46":{"start":{"line":71,"column":10},"end":{"line":71,"column":51}},"47":{"start":{"line":72,"column":10},"end":{"line":72,"column":72}},"48":{"start":{"line":75,"column":8},"end":{"line":75,"column":25}},"49":{"start":{"line":79,"column":4},"end":{"line":81,"column":5}},"50":{"start":{"line":80,"column":6},"end":{"line":80,"column":41}},"51":{"start":{"line":82,"column":4},"end":{"line":82,"column":37}},"52":{"start":{"line":84,"column":2},"end":{"line":84,"column":38}},"53":{"start":{"line":85,"column":2},"end":{"line":85,"column":14}},"54":{"start":{"line":88,"column":0},"end":{"line":107,"column":2}},"55":{"start":{"line":89,"column":2},"end":{"line":93,"column":16}},"56":{"start":{"line":90,"column":4},"end":{"line":92,"column":18}},"57":{"start":{"line":91,"column":6},"end":{"line":91,"column":76}},"58":{"start":{"line":94,"column":2},"end":{"line":104,"column":3}},"59":{"start":{"line":101,"column":4},"end":{"line":103,"column":18}},"60":{"start":{"line":102,"column":6},"end":{"line":102,"column":32}},"61":{"start":{"line":105,"column":2},"end":{"line":105,"column":70}},"62":{"start":{"line":106,"column":2},"end":{"line":106,"column":32}},"63":{"start":{"line":109,"column":0},"end":{"line":111,"column":2}},"64":{"start":{"line":110,"column":2},"end":{"line":110,"column":44}},"65":{"start":{"line":113,"column":0},"end":{"line":134,"column":2}},"66":{"start":{"line":114,"column":2},"end":{"line":118,"column":16}},"67":{"start":{"line":115,"column":4},"end":{"line":117,"column":5}},"68":{"start":{"line":116,"column":6},"end":{"line":116,"column":98}},"69":{"start":{"line":120,"column":2},"end":{"line":132,"column":16}},"70":{"start":{"line":121,"column":4},"end":{"line":131,"column":5}},"71":{"start":{"line":122,"column":6},"end":{"line":122,"column":32}},"72":{"start":{"line":122,"column":25},"end":{"line":122,"column":32}},"73":{"start":{"line":123,"column":6},"end":{"line":130,"column":7}},"74":{"start":{"line":124,"column":8},"end":{"line":128,"column":9}},"75":{"start":{"line":125,"column":10},"end":{"line":127,"column":11}},"76":{"start":{"line":126,"column":12},"end":{"line":126,"column":82}},"77":{"start":{"line":129,"column":8},"end":{"line":129,"column":56}},"78":{"start":{"line":136,"column":0},"end":{"line":141,"column":2}},"79":{"start":{"line":137,"column":2},"end":{"line":139,"column":3}},"80":{"start":{"line":138,"column":4},"end":{"line":138,"column":74}},"81":{"start":{"line":140,"column":2},"end":{"line":140,"column":26}},"82":{"start":{"line":143,"column":0},"end":{"line":143,"column":17}},"83":{"start":{"line":145,"column":0},"end":{"line":149,"column":2}},"84":{"start":{"line":147,"column":4},"end":{"line":147,"column":57}}},"branchMap":{"1":{"line":9,"type":"if","locations":[{"start":{"line":9,"column":2},"end":{"line":9,"column":2}},{"start":{"line":9,"column":2},"end":{"line":9,"column":2}}]},"2":{"line":27,"type":"if","locations":[{"start":{"line":27,"column":2},"end":{"line":27,"column":2}},{"start":{"line":27,"column":2},"end":{"line":27,"column":2}}]},"3":{"line":31,"type":"if","locations":[{"start":{"line":31,"column":2},"end":{"line":31,"column":2}},{"start":{"line":31,"column":2},"end":{"line":31,"column":2}}]},"4":{"line":35,"type":"if","locations":[{"start":{"line":35,"column":2},"end":{"line":35,"column":2}},{"start":{"line":35,"column":2},"end":{"line":35,"column":2}}]},"5":{"line":35,"type":"binary-expr","locations":[{"start":{"line":35,"column":5},"end":{"line":35,"column":18}},{"start":{"line":35,"column":22},"end":{"line":35,"column":72}}]},"6":{"line":36,"type":"if","locations":[{"start":{"line":36,"column":4},"end":{"line":36,"column":4}},{"start":{"line":36,"column":4},"end":{"line":36,"column":4}}]},"7":{"line":36,"type":"binary-expr","locations":[{"start":{"line":36,"column":7},"end":{"line":36,"column":15}},{"start":{"line":36,"column":19},"end":{"line":36,"column":22}}]},"8":{"line":38,"type":"if","locations":[{"start":{"line":38,"column":10},"end":{"line":38,"column":10}},{"start":{"line":38,"column":10},"end":{"line":38,"column":10}}]},"9":{"line":38,"type":"binary-expr","locations":[{"start":{"line":38,"column":13},"end":{"line":38,"column":16}},{"start":{"line":38,"column":20},"end":{"line":38,"column":49}}]},"10":{"line":45,"type":"if","locations":[{"start":{"line":45,"column":4},"end":{"line":45,"column":4}},{"start":{"line":45,"column":4},"end":{"line":45,"column":4}}]},"11":{"line":56,"type":"if","locations":[{"start":{"line":56,"column":2},"end":{"line":56,"column":2}},{"start":{"line":56,"column":2},"end":{"line":56,"column":2}}]},"12":{"line":58,"type":"if","locations":[{"start":{"line":58,"column":9},"end":{"line":58,"column":9}},{"start":{"line":58,"column":9},"end":{"line":58,"column":9}}]},"13":{"line":62,"type":"cond-expr","locations":[{"start":{"line":62,"column":27},"end":{"line":62,"column":43}},{"start":{"line":62,"column":46},"end":{"line":62,"column":59}}]},"14":{"line":70,"type":"if","locations":[{"start":{"line":70,"column":8},"end":{"line":70,"column":8}},{"start":{"line":70,"column":8},"end":{"line":70,"column":8}}]},"15":{"line":70,"type":"binary-expr","locations":[{"start":{"line":70,"column":11},"end":{"line":70,"column":23}},{"start":{"line":70,"column":27},"end":{"line":70,"column":59}}]},"16":{"line":79,"type":"if","locations":[{"start":{"line":79,"column":4},"end":{"line":79,"column":4}},{"start":{"line":79,"column":4},"end":{"line":79,"column":4}}]},"17":{"line":82,"type":"binary-expr","locations":[{"start":{"line":82,"column":4},"end":{"line":82,"column":28}},{"start":{"line":82,"column":32},"end":{"line":82,"column":36}}]},"18":{"line":89,"type":"binary-expr","locations":[{"start":{"line":89,"column":2},"end":{"line":89,"column":21}},{"start":{"line":89,"column":25},"end":{"line":93,"column":15}}]},"19":{"line":94,"type":"if","locations":[{"start":{"line":94,"column":2},"end":{"line":94,"column":2}},{"start":{"line":94,"column":2},"end":{"line":94,"column":2}}]},"20":{"line":115,"type":"if","locations":[{"start":{"line":115,"column":4},"end":{"line":115,"column":4}},{"start":{"line":115,"column":4},"end":{"line":115,"column":4}}]},"21":{"line":116,"type":"binary-expr","locations":[{"start":{"line":116,"column":6},"end":{"line":116,"column":25}},{"start":{"line":116,"column":29},"end":{"line":116,"column":40}},{"start":{"line":116,"column":44},"end":{"line":116,"column":57}},{"start":{"line":116,"column":61},"end":{"line":116,"column":97}}]},"22":{"line":121,"type":"if","locations":[{"start":{"line":121,"column":4},"end":{"line":121,"column":4}},{"start":{"line":121,"column":4},"end":{"line":121,"column":4}}]},"23":{"line":122,"type":"if","locations":[{"start":{"line":122,"column":6},"end":{"line":122,"column":6}},{"start":{"line":122,"column":6},"end":{"line":122,"column":6}}]},"24":{"line":123,"type":"if","locations":[{"start":{"line":123,"column":6},"end":{"line":123,"column":6}},{"start":{"line":123,"column":6},"end":{"line":123,"column":6}}]},"25":{"line":124,"type":"if","locations":[{"start":{"line":124,"column":8},"end":{"line":124,"column":8}},{"start":{"line":124,"column":8},"end":{"line":124,"column":8}}]},"26":{"line":125,"type":"if","locations":[{"start":{"line":125,"column":10},"end":{"line":125,"column":10}},{"start":{"line":125,"column":10},"end":{"line":125,"column":10}}]},"27":{"line":137,"type":"if","locations":[{"start":{"line":137,"column":2},"end":{"line":137,"column":2}},{"start":{"line":137,"column":2},"end":{"line":137,"column":2}}]}},"code":["'use strict';","","var EventEmitter = require('events').EventEmitter;","var WebSocket = require('ws');","var _ = require('lodash');","var util = require('./util');","","var getBrowserWindow = function () {","  if(process.type === 'renderer') {","    return require('electron').remote.getCurrentWindow();","  }","};","","var Client = function () {};","var defaultOpt = {","  port: 30080,","  sendBounds: true,","  logLevel: util.LOG_LEVEL_INFO,","};","Client.prototype = new EventEmitter();","","Client.prototype.warn = function (msg) {","  console.warn('[' + new Date().toISOString() + '] [electron-connect] [client: ' + this.id + '] ' + msg);","};","","Client.prototype.info = function (msg) {","  if(this.opt.logLevel >= util.LOG_LEVEL_INFO) console.log('[' + new Date().toISOString() + '] [electron-connect] [client: ' + this.id + '] ' + msg);","};","","Client.prototype.verbose = function (msg) {","  if(this.opt.logLevel >= util.LOG_LEVEL_VERBOSE) console.log('[' + new Date().toISOString() + '] [electron-connect] [client: ' + this.id + '] ' + msg);","};","","Client.prototype.join = function (browserWindow, options, cb) {","  if(browserWindow && browserWindow.constructor.name === 'BrowserWindow') {","    if(!options && !cb) {","      this.opt = defaultOpt;","    }else if(!cb && typeof options === 'function') {","      cb = options;","      this.opt = defaultOpt;","    }else{","      this.opt = _.merge(defaultOpt, options);","    }","  }else{","    if(typeof browserWindow === 'object') {","      this.opt = _.merge(defaultOpt, browserWindow);","      cb = options;","    }else{","      this.opt = defaultOpt;","      cb = browserWindow;","    }","    browserWindow = getBrowserWindow();","  }","","  // handle old boolean verbose values","  if (this.opt.verbose === true) {","    this.opt.logLevel = util.LOG_LEVEL_VERBOSE;","  } else if (this.opt.verbose === false) {","    this.opt.logLevel = util.LOG_LEVEL_INFO;","  }","  ","  var id = browserWindow ? browserWindow.id : '_no_browser';","  this.id = id;","  this.socket = new WebSocket('ws://localhost:' + this.opt.port + '/' + '?window_id=' + id);","  this.socket.on('open', function () {","    this.info('connected server');","    this.socket.on('message', function (msg) {","      try {","        var message = JSON.parse(msg);","        if(message.type && typeof message.type === 'string') {","          this.verbose('receive message: ' +  msg);","          this.emit(message.type, _.merge(message.data, {id: this.id}));","        }","      }catch (e) {","        console.error(e);","      }","    }.bind(this));","","    if(browserWindow) {","      this.registerWindow(browserWindow);","    }","    typeof cb === 'function' && cb();","  }.bind(this));","  this.registerHandler(browserWindow);","  return this;","};","","Client.prototype.registerWindow = function (browserWindow) {","  this.opt.sendBounds && ['move', 'resize'].forEach(function (eventName) {","    browserWindow.on(eventName, function () {","      this.sendMessage('changeBounds', {bounds: browserWindow.getBounds()});","    }.bind(this));","  }.bind(this));","  if (process.type == 'renderer') {","    //if (typeof window === 'object') {","      //window.addEventListener('beforeunload', function () {","        //this.close(browserWindow);","      //}.bind(this));","    //}","  } else {","    browserWindow.on('closed', function() {","      this.close(browserWindow);","    }.bind(this));","  }","  this.sendMessage('initBounds', {bounds: browserWindow.getBounds()});","  this.sendMessage('getBounds');","};","","Client.prototype.sendMessage = function (type, data) {","  util.sendMessage(this.socket, type, data);","};","","Client.prototype.registerHandler = function (browserWindow) {","  this.on('setBounds', function (data) {","    if (this.id == data.id) {","      this.opt.sendBounds && data.bounds && browserWindow && browserWindow.setBounds(data.bounds);","    }","  }.bind(this));","","  this.on('reload', function (data) {","    if (data.id == this.id) {","      if(!browserWindow) return;","      if(browserWindow.webContents) {","        if (process.type == 'renderer') {","          if(this.opt.sendBounds) {","            browserWindow.removeAllListeners('move').removeAllListeners('resize');","          }","        }","        browserWindow.webContents.reloadIgnoringCache();","      }","    }","  }.bind(this));","","};","","Client.prototype.close = function (browserWindow) {","  if(this.opt.sendBounds) {","    browserWindow.removeAllListeners('move').removeAllListeners('resize');","  }","  this.socket.terminate();","};","","var clients = {};","","module.exports = {","  create: function (browserWindow, options, cb) {","    return new Client().join(browserWindow, options, cb);","  }","};","",""],"l":{"3":1,"4":1,"5":1,"6":1,"8":1,"9":0,"10":0,"14":1,"15":1,"20":1,"22":1,"23":0,"26":1,"27":0,"30":1,"31":0,"34":1,"35":0,"36":0,"37":0,"38":0,"39":0,"40":0,"42":0,"45":0,"46":0,"47":0,"49":0,"50":0,"52":0,"56":0,"57":0,"58":0,"59":0,"62":0,"63":0,"64":0,"65":0,"66":0,"67":0,"68":0,"69":0,"70":0,"71":0,"72":0,"75":0,"79":0,"80":0,"82":0,"84":0,"85":0,"88":1,"89":0,"90":0,"91":0,"94":0,"101":0,"102":0,"105":0,"106":0,"109":1,"110":0,"113":1,"114":0,"115":0,"116":0,"120":0,"121":0,"122":0,"123":0,"124":0,"125":0,"126":0,"129":0,"136":1,"137":0,"138":0,"140":0,"143":1,"145":1,"147":0}},"/home/travis/build/npmtest/node-npmtest-electron-connect/node_modules/electron-connect/gulpfile.js":{"path":"/home/travis/build/npmtest/node-npmtest-electron-connect/node_modules/electron-connect/gulpfile.js","s":{"1":2,"2":0,"3":0,"4":0},"b":{},"f":{"1":0},"fnMap":{"1":{"name":"(anonymous_1)","line":6,"loc":{"start":{"line":6,"column":18},"end":{"line":6,"column":30}}}},"statementMap":{"1":{"start":{"line":3,"column":0},"end":{"line":3,"column":27}},"2":{"start":{"line":4,"column":0},"end":{"line":4,"column":34}},"3":{"start":{"line":6,"column":0},"end":{"line":8,"column":3}},"4":{"start":{"line":7,"column":2},"end":{"line":7,"column":53}}},"branchMap":{},"code":["'use strict';","","var gulp = require('gulp');","var mocha = require('gulp-mocha');","","gulp.task('test', function () {","  return gulp.src('test/**/*.spec.js').pipe(mocha());","});",""],"l":{"3":2,"4":0,"6":0,"7":0}}}